"C:/Users/Paul/Desktop/University stuff/New Globuloid/Roller 4.10/Roller.uproject" 1
"../../../Engine/Plugins/2D/Paper2D/Paper2D.uplugin" 2
"../../../Engine/Plugins/Blendables/LightPropagationVolume/LightPropagationVolume.uplugin" 3
"../../../Engine/Plugins/Developer/BlankPlugin/BlankPlugin.uplugin" 4
"../../../Engine/Plugins/Developer/CodeLiteSourceCodeAccess/CodeLiteSourceCodeAccess.uplugin" 5
"../../../Engine/Plugins/Developer/GitSourceControl/GitSourceControl.uplugin" 6
"../../../Engine/Plugins/Developer/KDevelopSourceCodeAccess/KDevelopSourceCodeAccess.uplugin" 7
"../../../Engine/Plugins/Developer/NullSourceCodeAccess/NullSourceCodeAccess.uplugin" 8
"../../../Engine/Plugins/Developer/OneSkyLocalizationService/OneSkyLocalizationService.uplugin" 9
"../../../Engine/Plugins/Developer/PerforceSourceControl/PerforceSourceControl.uplugin" 10
"../../../Engine/Plugins/Developer/SubversionSourceControl/SubversionSourceControl.uplugin" 11
"../../../Engine/Plugins/Developer/UObjectPlugin/UObjectPlugin.uplugin" 12
"../../../Engine/Plugins/Developer/VisualStudioSourceCodeAccess/VisualStudioSourceCodeAccess.uplugin" 13
"../../../Engine/Plugins/Developer/XCodeSourceCodeAccess/XCodeSourceCodeAccess.uplugin" 14
"../../../Engine/Plugins/Editor/EpicSurvey/EpicSurvey.uplugin" 15
"../../../Engine/Plugins/Editor/MacGraphicsSwitching/MacGraphicsSwitching.uplugin" 16
"../../../Engine/Plugins/Editor/PluginBrowser/PluginBrowser.uplugin" 17
"../../../Engine/Plugins/Editor/SpeedTreeImporter/SpeedTreeImporter.uplugin" 18
"../../../Engine/Plugins/Experimental/BlueprintStats/BlueprintStats.uplugin" 19
"../../../Engine/Plugins/Experimental/CharacterAI/CharacterAI.uplugin" 20
"../../../Engine/Plugins/Experimental/CodeEditor/CodeEditor.uplugin" 21
"../../../Engine/Plugins/Experimental/CodeView/CodeView.uplugin" 22
"../../../Engine/Plugins/Experimental/HTML5Networking/HTML5Networking.uplugin" 23
"../../../Engine/Plugins/Experimental/LiveEditor/LiveEditor.uplugin" 24
"../../../Engine/Plugins/Experimental/Phya/Phya.uplugin" 25
"../../../Engine/Plugins/Experimental/SimpleHMD/SimpleHMD.uplugin" 26
"../../../Engine/Plugins/Experimental/StructBox/StructBox.uplugin" 27
"../../../Engine/Plugins/Media/AndroidMedia/AndroidMedia.uplugin" 28
"../../../Engine/Plugins/Media/AvfMedia/AvfMedia.uplugin" 29
"../../../Engine/Plugins/Media/MediaPlayerEditor/MediaPlayerEditor.uplugin" 30
"../../../Engine/Plugins/Media/WmfMedia/WmfMedia.uplugin" 31
"../../../Engine/Plugins/Messaging/MessagingDebugger/MessagingDebugger.uplugin" 32
"../../../Engine/Plugins/Messaging/UdpMessaging/UdpMessaging.uplugin" 33
"../../../Engine/Plugins/MovieScene/LevelSequenceEditor/LevelSequenceEditor.uplugin" 34
"../../../Engine/Plugins/NetcodeUnitTest/NetcodeUnitTest/NetcodeUnitTest.uplugin" 35
"../../../Engine/Plugins/NetcodeUnitTest/NUTUnrealEngine4/NUTUnrealEngine4.uplugin" 36
"../../../Engine/Plugins/Runtime/Advertising/IOSTapJoy/IOSTapJoy.uplugin" 37
"../../../Engine/Plugins/Runtime/Analytics/AnalyticsBlueprintLibrary/AnalyticsBlueprintLibrary.uplugin" 38
"../../../Engine/Plugins/Runtime/Analytics/AnalyticsMulticast/AnalyticsMulticast.uplugin" 39
"../../../Engine/Plugins/Runtime/Analytics/Apsalar/IOSApsalar/IOSApsalar.uplugin" 40
"../../../Engine/Plugins/Runtime/Analytics/FileLogging/FileLogging.uplugin" 41
"../../../Engine/Plugins/Runtime/Analytics/Flurry/IOSFlurry/IOSFlurry.uplugin" 42
"../../../Engine/Plugins/Runtime/AndroidDeviceProfileSelector/AndroidDeviceProfileSelector.uplugin" 43
"../../../Engine/Plugins/Runtime/AndroidMoviePlayer/AndroidMoviePlayer.uplugin" 44
"../../../Engine/Plugins/Runtime/AppleMoviePlayer/AppleMoviePlayer.uplugin" 45
"../../../Engine/Plugins/Runtime/ArchVisCharacter/ArchVisCharacter.uplugin" 46
"../../../Engine/Plugins/Runtime/CableComponent/CableComponent.uplugin" 47
"../../../Engine/Plugins/Runtime/CustomMeshComponent/CustomMeshComponent.uplugin" 48
"../../../Engine/Plugins/Runtime/ExampleDeviceProfileSelector/ExampleDeviceProfileSelector.uplugin" 49
"../../../Engine/Plugins/Runtime/GearVR/GearVR.uplugin" 50
"../../../Engine/Plugins/Runtime/IOSDeviceProfileSelector/IOSDeviceProfileSelector.uplugin" 51
"../../../Engine/Plugins/Runtime/LeapMotionController/LeapMotionController.uplugin" 52
"../../../Engine/Plugins/Runtime/LinuxDeviceProfileSelector/LinuxDeviceProfileSelector.uplugin" 53
"../../../Engine/Plugins/Runtime/LiveEditorListenServer/LiveEditorListenServer.uplugin" 54
"../../../Engine/Plugins/Runtime/OculusAudio/OculusAudio.uplugin" 55
"../../../Engine/Plugins/Runtime/OculusInput/OculusInput.uplugin" 56
"../../../Engine/Plugins/Runtime/OculusLibrary/OculusLibrary.uplugin" 57
"../../../Engine/Plugins/Runtime/OculusRift/OculusRift.uplugin" 58
"../../../Engine/Plugins/Runtime/ProceduralMeshComponent/ProceduralMeshComponent.uplugin" 59
"../../../Engine/Plugins/Runtime/SoundMod/SoundMod.uplugin" 60
"../../../Engine/Plugins/Runtime/SoundVisualizations/SoundVisualizations.uplugin" 61
"../../../Engine/Plugins/Runtime/Steam/SteamController/SteamController.uplugin" 62
"../../../Engine/Plugins/Runtime/Steam/SteamVR/SteamVR.uplugin" 63
"../../../Engine/Plugins/Runtime/WebBrowserWidget/WebBrowserWidget.uplugin" 64
"../../../Engine/Plugins/Runtime/WindowsDeviceProfileSelector/WindowsDeviceProfileSelector.uplugin" 65
"../../../Engine/Plugins/Runtime/WindowsMoviePlayer/WindowsMoviePlayer.uplugin" 66
"../../../Engine/Plugins/ScriptGeneratorPlugin/ScriptGeneratorPlugin.uplugin" 67
"../../../Engine/Plugins/ScriptPlugin/ScriptPlugin.uplugin" 68
"../../../Engine/Plugins/Slate/SlateRemote/SlateRemote.uplugin" 69
"..\..\..\Engine\Content\Internationalization\icudt53l\cnvalias.icu" 70
"..\..\..\Engine\Content\Internationalization\icudt53l\en_US_POSIX.res" 71
"..\..\..\Engine\Content\Internationalization\icudt53l\pool.res" 72
"..\..\..\Engine\Content\Internationalization\icudt53l\en_US.res" 73
"..\..\..\Engine\Content\Internationalization\icudt53l\en.res" 74
"..\..\..\Engine\Content\Internationalization\icudt53l\root.res" 75
"..\..\..\Engine\Content\Internationalization\icudt53l\en_GB.res" 76
"..\..\..\Engine\Content\Internationalization\icudt53l\en_001.res" 77
"C:/Users/Paul/AppData/Local/UnrealEngine/4.10/Saved/Config/Windows/Manifest.ini" 78
"../../../Engine/Config/Base.ini" 79
"../../../Engine/Config/BaseEngine.ini" 80
"C:/Users/Paul/Desktop/University stuff/New Globuloid/Roller 4.10/Config/DefaultEngine.ini" 81
"../../../Engine/Config/Windows/WindowsEngine.ini" 82
"C:/Users/Paul/Desktop/University stuff/New Globuloid/Roller 4.10/Saved/Config/Windows/Engine.ini" 83
"../../../../../../Users/Paul/Desktop/University stuff/New Globuloid/Roller 4.10/Intermediate/Config/CoalescedSourceConfigs/Engine.ini" 84
"../../../Engine/Config/BaseGame.ini" 85
"C:/Users/Paul/Desktop/University stuff/New Globuloid/Roller 4.10/Saved/Config/Windows/Game.ini" 86
"../../../../../../Users/Paul/Desktop/University stuff/New Globuloid/Roller 4.10/Intermediate/Config/CoalescedSourceConfigs/Game.ini" 87
"../../../Engine/Config/BaseInput.ini" 88
"C:/Users/Paul/Desktop/University stuff/New Globuloid/Roller 4.10/Config/DefaultInput.ini" 89
"C:/Users/Paul/Desktop/University stuff/New Globuloid/Roller 4.10/Saved/Config/Windows/Input.ini" 90
"../../../../../../Users/Paul/Desktop/University stuff/New Globuloid/Roller 4.10/Intermediate/Config/CoalescedSourceConfigs/Input.ini" 91
"../../../Engine/Config/BaseEditor.ini" 92
"C:/Users/Paul/Desktop/University stuff/New Globuloid/Roller 4.10/Config/DefaultEditor.ini" 93
"C:/Users/Paul/Desktop/University stuff/New Globuloid/Roller 4.10/Saved/Config/Windows/Editor.ini" 94
"../../../../../../Users/Paul/Desktop/University stuff/New Globuloid/Roller 4.10/Intermediate/Config/CoalescedSourceConfigs/Editor.ini" 95
"../../../Engine/Config/BaseEditorPerProjectUserSettings.ini" 96
"C:/Users/Paul/Desktop/University stuff/New Globuloid/Roller 4.10/Saved/Config/Windows/EditorPerProjectUserSettings.ini" 97
"../../../../../../Users/Paul/Desktop/University stuff/New Globuloid/Roller 4.10/Intermediate/Config/CoalescedSourceConfigs/EditorPerProjectUserSettings.ini" 98
"../../../Engine/Config/BaseEditorSettings.ini" 99
"C:/Users/Paul/AppData/Local/UnrealEngine/4.10/Saved/Config/Windows/EditorSettings.ini" 100
"../../../../../../Users/Paul/Desktop/University stuff/New Globuloid/Roller 4.10/Intermediate/Config/CoalescedSourceConfigs/EditorSettings.ini" 101
"../../../Engine/Config/BaseEditorLayout.ini" 102
"C:/Users/Paul/AppData/Local/UnrealEngine/4.10/Saved/Config/Windows/EditorLayout.ini" 103
"../../../../../../Users/Paul/Desktop/University stuff/New Globuloid/Roller 4.10/Intermediate/Config/CoalescedSourceConfigs/EditorLayout.ini" 104
"../../../Engine/Config/BaseEditorKeyBindings.ini" 105
"C:/Users/Paul/AppData/Local/UnrealEngine/4.10/Saved/Config/Windows/EditorKeyBindings.ini" 106
"../../../../../../Users/Paul/Desktop/University stuff/New Globuloid/Roller 4.10/Intermediate/Config/CoalescedSourceConfigs/EditorKeyBindings.ini" 107
"../../../Engine/Config/BaseCompat.ini" 108
"C:/Users/Paul/Desktop/University stuff/New Globuloid/Roller 4.10/Saved/Config/Windows/Compat.ini" 109
"../../../../../../Users/Paul/Desktop/University stuff/New Globuloid/Roller 4.10/Intermediate/Config/CoalescedSourceConfigs/Compat.ini" 110
"../../../Engine/Config/BaseLightmass.ini" 111
"C:/Users/Paul/Desktop/University stuff/New Globuloid/Roller 4.10/Saved/Config/Windows/Lightmass.ini" 112
"../../../../../../Users/Paul/Desktop/University stuff/New Globuloid/Roller 4.10/Intermediate/Config/CoalescedSourceConfigs/Lightmass.ini" 113
"../../../Engine/Config/BaseScalability.ini" 114
"C:/Users/Paul/Desktop/University stuff/New Globuloid/Roller 4.10/Saved/Config/Windows/Scalability.ini" 115
"../../../../../../Users/Paul/Desktop/University stuff/New Globuloid/Roller 4.10/Intermediate/Config/CoalescedSourceConfigs/Scalability.ini" 116
"C:/Users/Paul/Desktop/University stuff/New Globuloid/Roller 4.10/Saved/Config/Windows/GameUserSettings.ini" 117
"../../../../../../Users/Paul/Desktop/University stuff/New Globuloid/Roller 4.10/Intermediate/Config/CoalescedSourceConfigs/GameUserSettings.ini" 118
"../../../Engine/Config/BaseDeviceProfiles.ini" 119
"C:/Users/Paul/Desktop/University stuff/New Globuloid/Roller 4.10/Saved/Config/Windows/DeviceProfiles.ini" 120
"../../../../../../Users/Paul/Desktop/University stuff/New Globuloid/Roller 4.10/Intermediate/Config/CoalescedSourceConfigs/DeviceProfiles.ini" 121
"../../../Engine/Config/ConsoleVariables.ini" 122
"..\..\..\Engine\Content\Internationalization\icudt53l\es.res" 123
"..\..\..\Engine\Content\Internationalization\icudt53l\ja.res" 124
"..\..\..\Engine\Content\Internationalization\icudt53l\ko.res" 125
"..\..\..\Engine\Content\Internationalization\icudt53l\pt_BR.res" 126
"..\..\..\Engine\Content\Internationalization\icudt53l\pt.res" 127
"..\..\..\Engine\Content\Internationalization\icudt53l\zh_CN.res" 128
"..\..\..\Engine\Content\Internationalization\icudt53l\zh_Hans_CN.res" 129
"..\..\..\Engine\Content\Internationalization\icudt53l\zh_Hans.res" 130
"..\..\..\Engine\Content\Internationalization\icudt53l\zh.res" 131
"C:/Program Files (x86)/Epic Games/4.10/Engine/Content/Localization/Editor/en/Editor.locres" 132
"C:/Program Files (x86)/Epic Games/4.10/Engine/Content/Localization/EditorTutorials/en/EditorTutorials.locres" 133
"C:/Program Files (x86)/Epic Games/4.10/Engine/Content/Localization/Keywords/en/Keywords.locres" 134
"C:/Program Files (x86)/Epic Games/4.10/Engine/Content/Localization/Category/en/Category.locres" 135
"C:/Program Files (x86)/Epic Games/4.10/Engine/Content/Localization/ToolTips/en/ToolTips.locres" 136
"C:/Program Files (x86)/Epic Games/4.10/Engine/Content/Localization/PropertyNames/en/PropertyNames.locres" 137
"C:/Program Files (x86)/Epic Games/4.10/Engine/Content/Localization/Engine/en/Engine.locres" 138
"../../../Engine/Content/Slate/Fonts/Roboto-Regular.ttf" 139
"../../../Engine/Content/Slate/Fonts/DroidSansMono.ttf" 140
"../../../Engine/Content/Slate/Fonts/Roboto-Bold.ttf" 141
"../../../Engine/Content/Slate/Fonts/Roboto-Light.ttf" 142
"C:/Program Files (x86)/Epic Games/4.10/Engine/Binaries/Win64/../../../Engine/Shaders/ParticleSpriteVertexFactory.usf" 143
"C:/Program Files (x86)/Epic Games/4.10/Engine/Binaries/Win64/../../../Engine/Shaders/VertexFactoryCommon.usf" 144
"C:/Program Files (x86)/Epic Games/4.10/Engine/Binaries/Win64/../../../Engine/Shaders/Common.usf" 145
"C:/Program Files (x86)/Epic Games/4.10/Engine/Binaries/Win64/../../../Engine/Shaders/MetalCommon.usf" 146
"C:/Program Files (x86)/Epic Games/4.10/Engine/Binaries/Win64/../../../Engine/Shaders/ShaderVersion.usf" 147
"C:/Program Files (x86)/Epic Games/4.10/Engine/Binaries/Win64/../../../Engine/Shaders/CommonViewUniformBuffer.usf" 148
"C:/Program Files (x86)/Epic Games/4.10/Engine/Binaries/Win64/../../../Engine/Shaders/Definitions.usf" 149
"C:/Program Files (x86)/Epic Games/4.10/Engine/Binaries/Win64/../../../Engine/Shaders/Random.usf" 150
"C:/Program Files (x86)/Epic Games/4.10/Engine/Binaries/Win64/../../../Engine/Shaders/ParticleVertexFactoryCommon.usf" 151
"C:/Program Files (x86)/Epic Games/4.10/Engine/Binaries/Win64/../../../Engine/Shaders/ParticleGPUSpriteVertexFactory.usf" 152
"C:/Program Files (x86)/Epic Games/4.10/Engine/Binaries/Win64/../../../Engine/Shaders/ParticleBeamTrailVertexFactory.usf" 153
"C:/Program Files (x86)/Epic Games/4.10/Engine/Binaries/Win64/../../../Engine/Shaders/LocalVertexFactory.usf" 154
"C:/Program Files (x86)/Epic Games/4.10/Engine/Binaries/Win64/../../../Engine/Shaders/LocalVertexFactoryCommon.usf" 155
"C:/Program Files (x86)/Epic Games/4.10/Engine/Binaries/Win64/../../../Engine/Shaders/VectorFieldVisualizationVertexFactory.usf" 156
"C:/Program Files (x86)/Epic Games/4.10/Engine/Binaries/Win64/../../../Engine/Shaders/MeshParticleVertexFactory.usf" 157
"C:/Program Files (x86)/Epic Games/4.10/Engine/Binaries/Win64/../../../Engine/Shaders/GpuSkinVertexFactory.usf" 158
"C:/Program Files (x86)/Epic Games/4.10/Engine/Binaries/Win64/../../../Engine/Shaders/GpuSkinCacheCommon.usf" 159
"C:/Program Files (x86)/Epic Games/4.10/Engine/Binaries/Win64/../../../Engine/Shaders/LandscapeVertexFactory.usf" 160
"C:/Program Files (x86)/Epic Games/4.10/Engine/Binaries/Win64/../../../Engine/Shaders/SlateElementPixelShader.usf" 161
"C:/Program Files (x86)/Epic Games/4.10/Engine/Binaries/Win64/../../../Engine/Shaders/GammaCorrectionCommon.usf" 162
"C:/Program Files (x86)/Epic Games/4.10/Engine/Binaries/Win64/../../../Engine/Shaders/MaterialTemplate.usf" 163
"C:/Program Files (x86)/Epic Games/4.10/Engine/Binaries/Win64/../../../Engine/Shaders/DepthOfFieldCommon.usf" 164
"C:/Program Files (x86)/Epic Games/4.10/Engine/Binaries/Win64/../../../Engine/Shaders/GlobalDistanceFieldShared.usf" 165
"C:/Program Files (x86)/Epic Games/4.10/Engine/Binaries/Win64/../../../Engine/Shaders/SpeedTreeCommon.usf" 166
"C:/Program Files (x86)/Epic Games/4.10/Engine/Binaries/Win64/../../../Engine/Shaders/AtmosphereCommon.usf" 167
"C:/Program Files (x86)/Epic Games/4.10/Engine/Binaries/Win64/../../../Engine/Shaders/PaniniProjection.usf" 168
"C:/Program Files (x86)/Epic Games/4.10/Engine/Binaries/Win64/../../../Engine/Shaders/EyeAdaptationCommon.usf" 169
"C:/Program Files (x86)/Epic Games/4.10/Engine/Binaries/Win64/../../../Engine/Shaders/PostProcessCommon.usf" 170
"C:/Program Files (x86)/Epic Games/4.10/Engine/Binaries/Win64/../../../Engine/Shaders/DeferredShadingCommon.usf" 171
"C:/Program Files (x86)/Epic Games/4.10/Engine/Binaries/Win64/../../../Engine/Shaders/LightAccumulator.usf" 172
"C:/Program Files (x86)/Epic Games/4.10/Engine/Binaries/Win64/../../../Engine/Shaders/SlateVertexShader.usf" 173
"C:/Program Files (x86)/Epic Games/4.10/Engine/Binaries/Win64/../../../Engine/Shaders/ParticleSortKeyGen.usf" 174
"C:/Program Files (x86)/Epic Games/4.10/Engine/Binaries/Win64/../../../Engine/Shaders/ParticleBoundsShader.usf" 175
"C:/Program Files (x86)/Epic Games/4.10/Engine/Binaries/Win64/../../../Engine/Shaders/ParticleSimVisualizeShader.usf" 176
"C:/Program Files (x86)/Epic Games/4.10/Engine/Binaries/Win64/../../../Engine/Shaders/ParticleInjectionShader.usf" 177
"C:/Program Files (x86)/Epic Games/4.10/Engine/Binaries/Win64/../../../Engine/Shaders/ParticleSimulationShader.usf" 178
"C:/Program Files (x86)/Epic Games/4.10/Engine/Binaries/Win64/../../../Engine/Shaders/ParticleCurveInjectionShader.usf" 179
"C:/Program Files (x86)/Epic Games/4.10/Engine/Binaries/Win64/../../../Engine/Shaders/VectorFieldCompositeShaders.usf" 180
"C:/Program Files (x86)/Epic Games/4.10/Engine/Binaries/Win64/../../../Engine/Shaders/UpdateTextureShaders.usf" 181
"C:/Program Files (x86)/Epic Games/4.10/Engine/Binaries/Win64/../../../Engine/Shaders/SimpleElementColorChannelMaskPixelShader.usf" 182
"C:/Program Files (x86)/Epic Games/4.10/Engine/Binaries/Win64/../../../Engine/Shaders/SimpleElementPixelShader.usf" 183
"C:/Program Files (x86)/Epic Games/4.10/Engine/Binaries/Win64/../../../Engine/Shaders/ColorUtils.usf" 184
"C:/Program Files (x86)/Epic Games/4.10/Engine/Binaries/Win64/../../../Engine/Shaders/IESLightProfilesCommon.usf" 185
"C:/Program Files (x86)/Epic Games/4.10/Engine/Binaries/Win64/../../../Engine/Shaders/SimpleElementHitProxyPixelShader.usf" 186
"C:/Program Files (x86)/Epic Games/4.10/Engine/Binaries/Win64/../../../Engine/Shaders/SimpleElementVertexShader.usf" 187
"C:/Program Files (x86)/Epic Games/4.10/Engine/Binaries/Win64/../../../Engine/Shaders/ScreenVertexShader.usf" 188
"C:/Program Files (x86)/Epic Games/4.10/Engine/Binaries/Win64/../../../Engine/Shaders/ScreenPixelShader.usf" 189
"C:/Program Files (x86)/Epic Games/4.10/Engine/Binaries/Win64/../../../Engine/Shaders/RadixSortShaders.usf" 190
"C:/Program Files (x86)/Epic Games/4.10/Engine/Binaries/Win64/../../../Engine/Shaders/GpuSkinCacheComputeShader.usf" 191
"C:/Program Files (x86)/Epic Games/4.10/Engine/Binaries/Win64/../../../Engine/Shaders/NullPixelShader.usf" 192
"C:/Program Files (x86)/Epic Games/4.10/Engine/Binaries/Win64/../../../Engine/Shaders/LandscapeGrassWeight.usf" 193
"C:/Program Files (x86)/Epic Games/4.10/Engine/Binaries/Win64/../../../Engine/Shaders/VisualizeTexture.usf" 194
"C:/Program Files (x86)/Epic Games/4.10/Engine/Binaries/Win64/../../../Engine/Shaders/ScreenSpaceReflections.usf" 195
"C:/Program Files (x86)/Epic Games/4.10/Engine/Binaries/Win64/../../../Engine/Shaders/BRDF.usf" 196
"C:/Program Files (x86)/Epic Games/4.10/Engine/Binaries/Win64/../../../Engine/Shaders/MonteCarlo.usf" 197
"C:/Program Files (x86)/Epic Games/4.10/Engine/Binaries/Win64/../../../Engine/Shaders/ScreenSpaceRayCast.usf" 198
"C:/Program Files (x86)/Epic Games/4.10/Engine/Binaries/Win64/../../../Engine/Shaders/FilterVertexShader.usf" 199
"C:/Program Files (x86)/Epic Games/4.10/Engine/Binaries/Win64/../../../Engine/Shaders/FilterPixelShader.usf" 200
"C:/Program Files (x86)/Epic Games/4.10/Engine/Binaries/Win64/../../../Engine/Shaders/PostProcessVisualizeHDR.usf" 201
"C:/Program Files (x86)/Epic Games/4.10/Engine/Binaries/Win64/../../../Engine/Shaders/PostProcessHistogramCommon.usf" 202
"C:/Program Files (x86)/Epic Games/4.10/Engine/Binaries/Win64/../../../Engine/Shaders/TonemapCommon.usf" 203
"C:/Program Files (x86)/Epic Games/4.10/Engine/Binaries/Win64/../../../Engine/Shaders/ACES.usf" 204
"C:/Program Files (x86)/Epic Games/4.10/Engine/Binaries/Win64/../../../Engine/Shaders/MiniFontCommon.usf" 205
"C:/Program Files (x86)/Epic Games/4.10/Engine/Binaries/Win64/../../../Engine/Shaders/PostProcessVisualizeBuffer.usf" 206
"C:/Program Files (x86)/Epic Games/4.10/Engine/Binaries/Win64/../../../Engine/Shaders/PostProcessUpscale.usf" 207
"C:/Program Files (x86)/Epic Games/4.10/Engine/Binaries/Win64/../../../Engine/Shaders/PostProcessTonemap.usf" 208
"C:/Program Files (x86)/Epic Games/4.10/Engine/Binaries/Win64/../../../Engine/Shaders/PostProcessTestImage.usf" 209
"C:/Program Files (x86)/Epic Games/4.10/Engine/Binaries/Win64/../../../Engine/Shaders/PostProcessTemporalAA.usf" 210
"C:/Program Files (x86)/Epic Games/4.10/Engine/Binaries/Win64/../../../Engine/Shaders/PostProcessTemporalCommon.usf" 211
"C:/Program Files (x86)/Epic Games/4.10/Engine/Binaries/Win64/../../../Engine/Shaders/PostProcessSubsurface.usf" 212
"C:/Program Files (x86)/Epic Games/4.10/Engine/Binaries/Win64/../../../Engine/Shaders/SeparableSSS.usf" 213
"C:/Program Files (x86)/Epic Games/4.10/Engine/Binaries/Win64/../../../Engine/Shaders/PostProcessSelectionOutline.usf" 214
"C:/Program Files (x86)/Epic Games/4.10/Engine/Binaries/Win64/../../../Engine/Shaders/PostProcessSceneColorFringe.usf" 215
"C:/Program Files (x86)/Epic Games/4.10/Engine/Binaries/Win64/../../../Engine/Shaders/PostProcessNoiseBlur.usf" 216
"C:/Program Files (x86)/Epic Games/4.10/Engine/Binaries/Win64/../../../Engine/Shaders/PostProcessMotionBlur.usf" 217
"C:/Program Files (x86)/Epic Games/4.10/Engine/Binaries/Win64/../../../Engine/Shaders/FastMath.usf" 218
"C:/Program Files (x86)/Epic Games/4.10/Engine/Binaries/Win64/../../../Engine/Shaders/PostProcessVelocityFlatten.usf" 219
"C:/Program Files (x86)/Epic Games/4.10/Engine/Binaries/Win64/../../../Engine/Shaders/PostProcessMobile.usf" 220
"C:/Program Files (x86)/Epic Games/4.10/Engine/Binaries/Win64/../../../Engine/Shaders/PostProcessMaterialShaders.usf" 221
"C:/Program Files (x86)/Epic Games/4.10/Engine/Binaries/Win64/../../../Engine/Shaders/PostProcessLensFlares.usf" 222
"C:/Program Files (x86)/Epic Games/4.10/Engine/Binaries/Win64/../../../Engine/Shaders/PostProcessLensBlur.usf" 223
"C:/Program Files (x86)/Epic Games/4.10/Engine/Binaries/Win64/../../../Engine/Shaders/PostProcessBloom.usf" 224
"C:/Program Files (x86)/Epic Games/4.10/Engine/Binaries/Win64/../../../Engine/Shaders/PostProcessHMD.usf" 225
"C:/Program Files (x86)/Epic Games/4.10/Engine/Binaries/Win64/../../../Engine/Shaders/PostProcessHistogramReduce.usf" 226
"C:/Program Files (x86)/Epic Games/4.10/Engine/Binaries/Win64/../../../Engine/Shaders/PostProcessHistogram.usf" 227
"C:/Program Files (x86)/Epic Games/4.10/Engine/Binaries/Win64/../../../Engine/Shaders/PostProcessHierarchical.usf" 228
"C:/Program Files (x86)/Epic Games/4.10/Engine/Binaries/Win64/../../../Engine/Shaders/PostProcessGBufferHints.usf" 229
"C:/Program Files (x86)/Epic Games/4.10/Engine/Binaries/Win64/../../../Engine/Shaders/PostProcessEyeAdaptation.usf" 230
"C:/Program Files (x86)/Epic Games/4.10/Engine/Binaries/Win64/../../../Engine/Shaders/PostProcessDownsample.usf" 231
"C:/Program Files (x86)/Epic Games/4.10/Engine/Binaries/Win64/../../../Engine/Shaders/PostProcessDOF.usf" 232
"C:/Program Files (x86)/Epic Games/4.10/Engine/Binaries/Win64/../../../Engine/Shaders/PostProcessCompositeEditorPrimitives.usf" 233
"C:/Program Files (x86)/Epic Games/4.10/Engine/Binaries/Win64/../../../Engine/Shaders/PostProcessCombineLUTs.usf" 234
"C:/Program Files (x86)/Epic Games/4.10/Engine/Binaries/Win64/../../../Engine/Shaders/PostProcessCircleDOF.usf" 235
"C:/Program Files (x86)/Epic Games/4.10/Engine/Binaries/Win64/../../../Engine/Shaders/CircleDOFCommon.usf" 236
"C:/Program Files (x86)/Epic Games/4.10/Engine/Binaries/Win64/../../../Engine/Shaders/PostProcessBusyWait.usf" 237
"C:/Program Files (x86)/Epic Games/4.10/Engine/Binaries/Win64/../../../Engine/Shaders/PostProcessBokehDOF.usf" 238
"C:/Program Files (x86)/Epic Games/4.10/Engine/Binaries/Win64/../../../Engine/Shaders/PostProcessVisualizeDOF.usf" 239
"C:/Program Files (x86)/Epic Games/4.10/Engine/Binaries/Win64/../../../Engine/Shaders/FXAAShader.usf" 240
"C:/Program Files (x86)/Epic Games/4.10/Engine/Binaries/Win64/../../../Engine/Shaders/Fxaa3_11.usf" 241
"C:/Program Files (x86)/Epic Games/4.10/Engine/Binaries/Win64/../../../Engine/Shaders/PostProcessPassThrough.usf" 242
"C:/Program Files (x86)/Epic Games/4.10/Engine/Binaries/Win64/../../../Engine/Shaders/PostProcessLpvIndirect.usf" 243
"C:/Program Files (x86)/Epic Games/4.10/Engine/Binaries/Win64/../../../Engine/Shaders/DeferredLightingCommon.usf" 244
"C:/Program Files (x86)/Epic Games/4.10/Engine/Binaries/Win64/../../../Engine/Shaders/DynamicLightingCommon.usf" 245
"C:/Program Files (x86)/Epic Games/4.10/Engine/Binaries/Win64/../../../Engine/Shaders/ShadingModels.usf" 246
"C:/Program Files (x86)/Epic Games/4.10/Engine/Binaries/Win64/../../../Engine/Shaders/LPVFinalPass.usf" 247
"C:/Program Files (x86)/Epic Games/4.10/Engine/Binaries/Win64/../../../Engine/Shaders/LPVCommon.usf" 248
"C:/Program Files (x86)/Epic Games/4.10/Engine/Binaries/Win64/../../../Engine/Shaders/DeferredDecal.usf" 249
"C:/Program Files (x86)/Epic Games/4.10/Engine/Binaries/Win64/../../../Engine/Shaders/PostProcessAmbientOcclusion.usf" 250
"C:/Program Files (x86)/Epic Games/4.10/Engine/Binaries/Win64/../../../Engine/Shaders/PostProcessAmbient.usf" 251
"C:/Program Files (x86)/Epic Games/4.10/Engine/Binaries/Win64/../../../Engine/Shaders/CubemapCommon.usf" 252
"C:/Program Files (x86)/Epic Games/4.10/Engine/Binaries/Win64/../../../Engine/Shaders/VelocityShader.usf" 253
"C:/Program Files (x86)/Epic Games/4.10/Engine/Binaries/Win64/../../../Engine/Shaders/VelocityCommon.usf" 254
"C:/Program Files (x86)/Epic Games/4.10/Engine/Binaries/Win64/../../../Engine/Shaders/Tessellation.usf" 255
"C:/Program Files (x86)/Epic Games/4.10/Engine/Binaries/Win64/../../../Engine/Shaders/FlatTessellation.usf" 256
"C:/Program Files (x86)/Epic Games/4.10/Engine/Binaries/Win64/../../../Engine/Shaders/PNTriangles.usf" 257
"C:/Program Files (x86)/Epic Games/4.10/Engine/Binaries/Win64/../../../Engine/Shaders/TranslucentLightingShaders.usf" 258
"C:/Program Files (x86)/Epic Games/4.10/Engine/Binaries/Win64/../../../Engine/Shaders/SHCommon.usf" 259
"C:/Program Files (x86)/Epic Games/4.10/Engine/Binaries/Win64/../../../Engine/Shaders/ShadowProjectionCommon.usf" 260
"C:/Program Files (x86)/Epic Games/4.10/Engine/Binaries/Win64/../../../Engine/Shaders/TranslucentLightInjectionShaders.usf" 261
"C:/Program Files (x86)/Epic Games/4.10/Engine/Binaries/Win64/../../../Engine/Shaders/LightFunctionCommon.usf" 262
"C:/Program Files (x86)/Epic Games/4.10/Engine/Binaries/Win64/../../../Engine/Shaders/TranslucentShadowDepthShaders.usf" 263
"C:/Program Files (x86)/Epic Games/4.10/Engine/Binaries/Win64/../../../Engine/Shaders/ShadowDepthCommon.usf" 264
"C:/Program Files (x86)/Epic Games/4.10/Engine/Binaries/Win64/../../../Engine/Shaders/TiledDeferredLightShaders.usf" 265
"C:/Program Files (x86)/Epic Games/4.10/Engine/Binaries/Win64/../../../Engine/Shaders/SurfelTree.usf" 266
"C:/Program Files (x86)/Epic Games/4.10/Engine/Binaries/Win64/../../../Engine/Shaders/DistanceFieldLightingShared.usf" 267
"C:/Program Files (x86)/Epic Games/4.10/Engine/Binaries/Win64/../../../Engine/Shaders/SurfelMaterialShared.usf" 268
"C:/Program Files (x86)/Epic Games/4.10/Engine/Binaries/Win64/../../../Engine/Shaders/DistanceFieldAOShared.usf" 269
"C:/Program Files (x86)/Epic Games/4.10/Engine/Binaries/Win64/../../../Engine/Shaders/ShadowProjectionPixelShader.usf" 270
"C:/Program Files (x86)/Epic Games/4.10/Engine/Binaries/Win64/../../../Engine/Shaders/ShadowFilteringCommon.usf" 271
"C:/Program Files (x86)/Epic Games/4.10/Engine/Binaries/Win64/../../../Engine/Shaders/ShadowProjectionVertexShader.usf" 272
"C:/Program Files (x86)/Epic Games/4.10/Engine/Binaries/Win64/../../../Engine/Shaders/ShadowDepthPixelShader.usf" 273
"C:/Program Files (x86)/Epic Games/4.10/Engine/Binaries/Win64/../../../Engine/Shaders/LPVWriteVplCommon.usf" 274
"C:/Program Files (x86)/Epic Games/4.10/Engine/Binaries/Win64/../../../Engine/Shaders/LPVWriteCommon.usf" 275
"C:/Program Files (x86)/Epic Games/4.10/Engine/Binaries/Win64/../../../Engine/Shaders/ShadowDepthVertexShader.usf" 276
"C:/Program Files (x86)/Epic Games/4.10/Engine/Binaries/Win64/../../../Engine/Shaders/ShaderComplexityApplyPixelShader.usf" 277
"C:/Program Files (x86)/Epic Games/4.10/Engine/Binaries/Win64/../../../Engine/Shaders/ShaderComplexityApplyVertexShader.usf" 278
"C:/Program Files (x86)/Epic Games/4.10/Engine/Binaries/Win64/../../../Engine/Shaders/ShaderComplexityAccumulatePixelShader.usf" 279
"C:/Program Files (x86)/Epic Games/4.10/Engine/Binaries/Win64/../../../Engine/Shaders/HZBOcclusion.usf" 280
"C:/Program Files (x86)/Epic Games/4.10/Engine/Binaries/Win64/../../../Engine/Shaders/OcclusionQueryVertexShader.usf" 281
"C:/Program Files (x86)/Epic Games/4.10/Engine/Binaries/Win64/../../../Engine/Shaders/HitProxyPixelShader.usf" 282
"C:/Program Files (x86)/Epic Games/4.10/Engine/Binaries/Win64/../../../Engine/Shaders/HitProxyVertexShader.usf" 283
"C:/Program Files (x86)/Epic Games/4.10/Engine/Binaries/Win64/../../../Engine/Shaders/ReflectionEnvironmentShaders.usf" 284
"C:/Program Files (x86)/Epic Games/4.10/Engine/Binaries/Win64/../../../Engine/Shaders/ReflectionEnvironmentShared.usf" 285
"C:/Program Files (x86)/Epic Games/4.10/Engine/Binaries/Win64/../../../Engine/Shaders/SkyLightingShared.usf" 286
"C:/Program Files (x86)/Epic Games/4.10/Engine/Binaries/Win64/../../../Engine/Shaders/ReflectionEnvironmentComputeShaders.usf" 287
"C:/Program Files (x86)/Epic Games/4.10/Engine/Binaries/Win64/../../../Engine/Shaders/LightShaftShader.usf" 288
"C:/Program Files (x86)/Epic Games/4.10/Engine/Binaries/Win64/../../../Engine/Shaders/StationaryLightOverlapShaders.usf" 289
"C:/Program Files (x86)/Epic Games/4.10/Engine/Binaries/Win64/../../../Engine/Shaders/DeferredLightPixelShaders.usf" 290
"C:/Program Files (x86)/Epic Games/4.10/Engine/Binaries/Win64/../../../Engine/Shaders/DeferredLightVertexShaders.usf" 291
"C:/Program Files (x86)/Epic Games/4.10/Engine/Binaries/Win64/../../../Engine/Shaders/LPVVisualise.usf" 292
"C:/Program Files (x86)/Epic Games/4.10/Engine/Binaries/Win64/../../../Engine/Shaders/LPVGeometryVolumeCommon.usf" 293
"C:/Program Files (x86)/Epic Games/4.10/Engine/Binaries/Win64/../../../Engine/Shaders/LPVDirectLightInject.usf" 294
"C:/Program Files (x86)/Epic Games/4.10/Engine/Binaries/Win64/../../../Engine/Shaders/LPVPropagate.usf" 295
"C:/Program Files (x86)/Epic Games/4.10/Engine/Binaries/Win64/../../../Engine/Shaders/LPVPacking.usf" 296
"C:/Program Files (x86)/Epic Games/4.10/Engine/Binaries/Win64/../../../Engine/Shaders/LPVBuildGeometryVolume.usf" 297
"C:/Program Files (x86)/Epic Games/4.10/Engine/Binaries/Win64/../../../Engine/Shaders/LpvDirectionalOcclusion.usf" 298
"C:/Program Files (x86)/Epic Games/4.10/Engine/Binaries/Win64/../../../Engine/Shaders/LPVInject_AccumulateVplLists.usf" 299
"C:/Program Files (x86)/Epic Games/4.10/Engine/Binaries/Win64/../../../Engine/Shaders/LPVInject_GenerateVplLists.usf" 300
"C:/Program Files (x86)/Epic Games/4.10/Engine/Binaries/Win64/../../../Engine/Shaders/LPVClearLists.usf" 301
"C:/Program Files (x86)/Epic Games/4.10/Engine/Binaries/Win64/../../../Engine/Shaders/LPVClear.usf" 302
"C:/Program Files (x86)/Epic Games/4.10/Engine/Binaries/Win64/../../../Engine/Shaders/LightMapDensityShader.usf" 303
"C:/Program Files (x86)/Epic Games/4.10/Engine/Binaries/Win64/../../../Engine/Shaders/LightFunctionPixelShader.usf" 304
"C:/Program Files (x86)/Epic Games/4.10/Engine/Binaries/Win64/../../../Engine/Shaders/LightFunctionVertexShader.usf" 305
"C:/Program Files (x86)/Epic Games/4.10/Engine/Binaries/Win64/../../../Engine/Shaders/HeightfieldLighting.usf" 306
"C:/Program Files (x86)/Epic Games/4.10/Engine/Binaries/Win64/../../../Engine/Shaders/DistanceFieldShadowingShared.usf" 307
"C:/Program Files (x86)/Epic Games/4.10/Engine/Binaries/Win64/../../../Engine/Shaders/HdrCustomResolveShaders.usf" 308
"C:/Program Files (x86)/Epic Games/4.10/Engine/Binaries/Win64/../../../Engine/Shaders/GPUBenchmark.usf" 309
"C:/Program Files (x86)/Epic Games/4.10/Engine/Binaries/Win64/../../../Engine/Shaders/GlobalDistanceField.usf" 310
"C:/Program Files (x86)/Epic Games/4.10/Engine/Binaries/Win64/../../../Engine/Shaders/GammaCorrection.usf" 311
"C:/Program Files (x86)/Epic Games/4.10/Engine/Binaries/Win64/../../../Engine/Shaders/BasePassForForwardShadingPixelShader.usf" 312
"C:/Program Files (x86)/Epic Games/4.10/Engine/Binaries/Win64/../../../Engine/Shaders/BasePassForForwardShadingCommon.usf" 313
"C:/Program Files (x86)/Epic Games/4.10/Engine/Binaries/Win64/../../../Engine/Shaders/LightmapCommon.usf" 314
"C:/Program Files (x86)/Epic Games/4.10/Engine/Binaries/Win64/../../../Engine/Shaders/BasePassForForwardShadingVertexShader.usf" 315
"C:/Program Files (x86)/Epic Games/4.10/Engine/Binaries/Win64/../../../Engine/Shaders/HeightFogCommon.usf" 316
"C:/Program Files (x86)/Epic Games/4.10/Engine/Binaries/Win64/../../../Engine/Shaders/HeightFogPixelShader.usf" 317
"C:/Program Files (x86)/Epic Games/4.10/Engine/Binaries/Win64/../../../Engine/Shaders/HeightFogVertexShader.usf" 318
"C:/Program Files (x86)/Epic Games/4.10/Engine/Binaries/Win64/../../../Engine/Shaders/DistortAccumulatePS.usf" 319
"C:/Program Files (x86)/Epic Games/4.10/Engine/Binaries/Win64/../../../Engine/Shaders/DistortAccumulateVS.usf" 320
"C:/Program Files (x86)/Epic Games/4.10/Engine/Binaries/Win64/../../../Engine/Shaders/DistortApplyScreenPS.usf" 321
"C:/Program Files (x86)/Epic Games/4.10/Engine/Binaries/Win64/../../../Engine/Shaders/DistanceFieldSurfaceCacheLighting.usf" 322
"C:/Program Files (x86)/Epic Games/4.10/Engine/Binaries/Win64/../../../Engine/Shaders/SkyLighting.usf" 323
"C:/Program Files (x86)/Epic Games/4.10/Engine/Binaries/Win64/../../../Engine/Shaders/DistanceFieldSurfaceCacheLightingCompute.usf" 324
"C:/Program Files (x86)/Epic Games/4.10/Engine/Binaries/Win64/../../../Engine/Shaders/DistanceFieldShadowing.usf" 325
"C:/Program Files (x86)/Epic Games/4.10/Engine/Binaries/Win64/../../../Engine/Shaders/DistanceFieldScreenGridLighting.usf" 326
"C:/Program Files (x86)/Epic Games/4.10/Engine/Binaries/Win64/../../../Engine/Shaders/DistanceFieldLightingPost.usf" 327
"C:/Program Files (x86)/Epic Games/4.10/Engine/Binaries/Win64/../../../Engine/Shaders/DistanceFieldGlobalIllumination.usf" 328
"C:/Program Files (x86)/Epic Games/4.10/Engine/Binaries/Win64/../../../Engine/Shaders/DepthOnlyPixelShader.usf" 329
"C:/Program Files (x86)/Epic Games/4.10/Engine/Binaries/Win64/../../../Engine/Shaders/DepthOnlyVertexShader.usf" 330
"C:/Program Files (x86)/Epic Games/4.10/Engine/Binaries/Win64/../../../Engine/Shaders/PositionOnlyDepthVertexShader.usf" 331
"C:/Program Files (x86)/Epic Games/4.10/Engine/Binaries/Win64/../../../Engine/Shaders/DownsampleDepthPixelShader.usf" 332
"C:/Program Files (x86)/Epic Games/4.10/Engine/Binaries/Win64/../../../Engine/Shaders/EvaluateSurfelMaterial.usf" 333
"C:/Program Files (x86)/Epic Games/4.10/Engine/Binaries/Win64/../../../Engine/Shaders/ConvertToUniformMesh.usf" 334
"C:/Program Files (x86)/Epic Games/4.10/Engine/Binaries/Win64/../../../Engine/Shaders/BasePassPixelShader.usf" 335
"C:/Program Files (x86)/Epic Games/4.10/Engine/Binaries/Win64/../../../Engine/Shaders/BasePassCommon.usf" 336
"C:/Program Files (x86)/Epic Games/4.10/Engine/Binaries/Win64/../../../Engine/Shaders/ForEachLight.usf" 337
"C:/Program Files (x86)/Epic Games/4.10/Engine/Binaries/Win64/../../../Engine/Shaders/BasePassVertexShader.usf" 338
"C:/Program Files (x86)/Epic Games/4.10/Engine/Binaries/Win64/../../../Engine/Shaders/BasePassVertexCommon.usf" 339
"C:/Program Files (x86)/Epic Games/4.10/Engine/Binaries/Win64/../../../Engine/Shaders/BasePassTessellationShaders.usf" 340
"C:/Program Files (x86)/Epic Games/4.10/Engine/Binaries/Win64/../../../Engine/Shaders/AtmospherePrecompute.usf" 341
"C:/Program Files (x86)/Epic Games/4.10/Engine/Binaries/Win64/../../../Engine/Shaders/AtmospherePrecomputeCommon.usf" 342
"C:/Program Files (x86)/Epic Games/4.10/Engine/Binaries/Win64/../../../Engine/Shaders/AtmospherePrecomputeInscatter.usf" 343
"C:/Program Files (x86)/Epic Games/4.10/Engine/Binaries/Win64/../../../Engine/Shaders/AtmosphericFogShader.usf" 344
"C:/Program Files (x86)/Epic Games/4.10/Engine/Binaries/Win64/../../../Engine/Shaders/ResolveVertexShader.usf" 345
"C:/Program Files (x86)/Epic Games/4.10/Engine/Binaries/Win64/../../../Engine/Shaders/ResolvePixelShader.usf" 346
"C:/Program Files (x86)/Epic Games/4.10/Engine/Binaries/Win64/../../../Engine/Shaders/OneColorShader.usf" 347
"C:/Program Files (x86)/Epic Games/4.10/Engine/Binaries/Win64/../../../Engine/Shaders/MediaShaders.usf" 348
"C:/Program Files (x86)/Epic Games/4.10/Engine/Binaries/Win64/../../../Engine/Shaders/ClearReplacementShaders.usf" 349
"C:/Program Files (x86)/Epic Games/4.10/Engine/Binaries/Win64/../../../Engine/Shaders/SimpleElementTexture2DPreviewPixelShader.usf" 350
"C:/Program Files (x86)/Epic Games/4.10/Engine/Binaries/Win64/../../../Engine/Shaders/SimpleElementNormalMapPixelShader.usf" 351
"C:/Program Files (x86)/Epic Games/4.10/Engine/Binaries/Win64/../../../Engine/Shaders/meshpaintdilatepixelshader.usf" 352
"C:/Program Files (x86)/Epic Games/4.10/Engine/Binaries/Win64/../../../Engine/Shaders/meshpaintdilatevertexshader.usf" 353
"C:/Program Files (x86)/Epic Games/4.10/Engine/Binaries/Win64/../../../Engine/Shaders/MeshPaintPixelShader.usf" 354
"C:/Program Files (x86)/Epic Games/4.10/Engine/Binaries/Win64/../../../Engine/Shaders/MeshPaintVertexShader.usf" 355
"../../../Engine/Config/Android/AndroidEngine.ini" 356
"../../../Engine/Config/IOS/IOSEngine.ini" 357
"../../../Engine/Config/Linux/LinuxEngine.ini" 358
"C:/Users/Paul/AppData/Local/UnrealEngine/4.10/DerivedDataCache/Boot.ddc" 359
"../../../Engine/DerivedDataCache/Compressed.ddp" 360
"../../../Engine/Content/EngineFonts/Roboto.uasset" 361
"../../../Engine/Content/EngineMaterials/Widget3DPassThrough_Translucent.uasset" 362
"../../../Engine/Content/EngineMaterials/Widget3DPassThrough.uasset" 363
"../../../Engine/Content/Functions/Engine_MaterialFunctions02/Texturing/ScreenAlignedUVs.uasset" 364
"../../../Engine/Content/EngineResources/WhiteSquareTexture.uasset" 365
"../../../Engine/Content/Functions/Engine_MaterialFunctions01/Shading/PowerToRoughness.uasset" 366
"../../../Engine/Content/Functions/Engine_MaterialFunctions01/Shading/ConvertFromDiffSpec.uasset" 367
"../../../Engine/Content/EngineMaterials/WorldGridMaterial.uasset" 368
"../../../Engine/Content/Functions/Engine_MaterialFunctions01/Opacity/CameraDepthFade.uasset" 369
"../../../Engine/Content/EngineMaterials/T_Default_Material_Grid_M.uasset" 370
"../../../Engine/Content/EngineMaterials/T_Default_Material_Grid_N.uasset" 371
"../../../Engine/Content/EngineMaterials/DefaultDeferredDecalMaterial.uasset" 372
"../../../Engine/Content/EngineMaterials/DefaultDiffuse.uasset" 373
"../../../Engine/Content/EngineMaterials/DefaultLightFunctionMaterial.uasset" 374
"../../../Engine/Content/EngineMaterials/DefaultPostProcessMaterial.uasset" 375
"../../../Engine/Content/Functions/Engine_MaterialFunctions02/Utility/BreakOutFloat2Components.uasset" 376
"../../../Engine/Content/EngineResources/DefaultTexture.uasset" 377
"../../../Engine/Content/EngineMaterials/Widget3DPassThrough_Translucent_OneSided.uasset" 378
"../../../Engine/Content/EngineMaterials/Widget3DPassThrough_Opaque.uasset" 379
"../../../Engine/Content/EngineMaterials/Widget3DPassThrough_Opaque_OneSided.uasset" 380
"../../../Engine/Content/EngineMaterials/Widget3DPassThrough_Masked.uasset" 381
"../../../Engine/Content/EngineMaterials/Widget3DPassThrough_Masked_OneSided.uasset" 382
"../../../Engine/Content/EditorResources/S_Actor.uasset" 383
"C:/Users/Paul/Desktop/University stuff/New Globuloid/Roller 4.10/Saved/Config/Windows/TemplateDefs.ini" 384
"../../../../../../Users/Paul/Desktop/University stuff/New Globuloid/Roller 4.10/Intermediate/Config/CoalescedSourceConfigs/TemplateDefs.ini" 385
"C:/Users/Paul/Desktop/University stuff/New Globuloid/Roller 4.10/Saved/Config/Windows/GameplayTags.ini" 386
"../../../../../../Users/Paul/Desktop/University stuff/New Globuloid/Roller 4.10/Intermediate/Config/CoalescedSourceConfigs/GameplayTags.ini" 387
"../../../Engine/Content/Maps/Templates/Thumbnails/Default.uasset" 388
"../../../Engine/Content/EditorMaterials/ParticleSystems/PSysThumbnail_NoImage.uasset" 389
"../../../Engine/Content/EditorMaterials/ParticleSystems/PSysThumbnail_OOD.uasset" 390
"../../../Engine/Content/EditorLandscapeResources/DataLayer.uasset" 391
"../../../Engine/Content/EngineDamageTypes/DmgTypeBP_Environmental.uasset" 392
"..\..\..\Engine\Content\Internationalization\icudt53l\numberingSystems.res" 393
"..\..\..\Engine\Content\Internationalization\icudt53l\curr\supplementalData.res" 394
"..\..\..\Engine\Content\Internationalization\icudt53l\curr\pool.res" 395
"..\..\..\Engine\Content\Internationalization\icudt53l\curr\en_GB.res" 396
"..\..\..\Engine\Content\Internationalization\icudt53l\curr\en_001.res" 397
"..\..\..\Engine\Content\Internationalization\icudt53l\curr\en.res" 398
"..\..\..\Engine\Content\Internationalization\icudt53l\curr\root.res" 399
"../../../Engine/Content/EngineMeshes/Sphere.uasset" 400
"../../../Engine/Content/EngineFonts/RobotoDistanceField.uasset" 401
"../../../Engine/Content/EngineMaterials/DefaultTextMaterialOpaque.uasset" 402
"../../../Engine/Content/EditorResources/S_Trigger.uasset" 403
"../../../Engine/Content/EngineResources/GradientTexture0.uasset" 404
"../../../Engine/Content/EngineResources/Black.uasset" 405
"../../../Engine/Content/EditorMaterials/MatineeGroups/MAT_Groups_Float.uasset" 406
"../../../Engine/Content/EditorMaterials/MatineeGroups/MAT_Groups_Director.uasset" 407
"../../../Engine/Content/EditorMaterials/MatineeGroups/MAT_Groups_Event.uasset" 408
"../../../Engine/Content/EditorMaterials/MatineeGroups/MAT_Groups_Anim.uasset" 409
"../../../Engine/Content/EditorMaterials/MatineeGroups/MAT_Groups_Fade.uasset" 410
"../../../Engine/Content/EditorMaterials/MatineeGroups/MAT_Groups_Move.uasset" 411
"../../../Engine/Content/EditorMaterials/MatineeGroups/MAT_Groups_Slomo.uasset" 412
"../../../Engine/Content/EditorMaterials/MatineeGroups/MAT_ColorTrack.uasset" 413
"../../../Engine/Content/EditorMaterials/MAT_Groups_Toggle.uasset" 414
"../../../Engine/Content/EditorMaterials/MatineeGroups/MAT_Groups_AudioMaster.uasset" 415
"../../../Engine/Content/EditorMaterials/MatineeGroups/MAT_Groups_Sound.uasset" 416
"../../../Engine/Content/EditorMaterials/MatineeGroups/MAT_Groups_Vector.uasset" 417
"../../../Engine/Content/EditorMaterials/MAT_Groups_Visibility.uasset" 418
"../../../Engine/Content/EngineResources/DefaultTextureCube.uasset" 419
"../../../Engine/Content/EngineSounds/Master.uasset" 420
"../../../Engine/Content/EngineSounds/Music.uasset" 421
"../../../Engine/Content/EngineSounds/SFX.uasset" 422
"../../../Engine/Content/EngineSounds/Normal_Attack.uasset" 423
"../../../Engine/Content/EngineSounds/Special_Attack_PSM.uasset" 424
"../../../Engine/Content/EngineSounds/Duck_Normal_Attack_MixMod.uasset" 425
"../../../Engine/Content/EngineSounds/Voice.uasset" 426
"../../../Engine/Content/EngineMeshes/Cylinder.uasset" 427
"../../../Engine/Content/EngineMaterials/DefaultMaterial.uasset" 428
"../../../Engine/Content/EngineTireTypes/DefaultTireType.uasset" 429
"../../../Engine/Content/Editor/Slate/Fonts/FontAwesome.ttf" 430
"../../../Engine/Content/Editor/Slate/Fonts/DroidSansMono.ttf" 431
"../../../Engine/Content/Editor/Slate/Fonts/Roboto-BoldCondensed.ttf" 432
"../../../Engine/Content/Editor/Slate/Fonts/Roboto-Black.ttf" 433
"../../../Engine/Content/Editor/Slate/Fonts/Roboto-Italic.ttf" 434
"../../../Engine/Content/Editor/Slate/Fonts/Roboto-BoldCondensedItalic.ttf" 435
"..\..\..\Engine\Content\Internationalization\icudt53l\coll\ucadata.icu" 436
"..\..\..\Engine\Content\Internationalization\icudt53l\nfc.nrm" 437
"..\..\..\Engine\Content\Internationalization\icudt53l\coll\en.res" 438
"..\..\..\Engine\Content\Internationalization\icudt53l\coll\root.res" 439
"../../../Engine/Content/EngineResources/AICON-Red.uasset" 440
"../../../Engine/Content/EngineResources/AICON-Green.uasset" 441
"../../../Engine/Content/Tutorial/Basics/LevelEditorAttract.uasset" 442
"../../../Engine/Content/Tutorial/ContentIntroCurve.uasset" 443
"../../../Engine/Plugins/2D/Paper2D/Content/MaskedUnlitSpriteMaterial.uasset" 444
"../../../Engine/Plugins/2D/Paper2D/Content/DefaultSpriteMaterial.uasset" 445
"../../../Engine/Plugins/2D/Paper2D/Content/PlaceholderTextures/DummySpriteTexture.uasset" 446
"../../../Engine/Plugins/2D/Paper2D/Content/OpaqueUnlitSpriteMaterial.uasset" 447
"../../../Engine/Plugins/2D/Paper2D/Content/DefaultPaperTerrainMaterial.uasset" 448
"../../../Engine/Plugins/2D/Paper2D/Content/DummySprite.uasset" 449
"../../../Engine/Plugins/2D/Paper2D/Content/DummySpriteTexture.uasset" 450
"C:/Users/Paul/AppData/Local/UnrealEngine/4.10/Saved/Config/Windows/SourceControlSettings.ini" 451
"../../../../../../Users/Paul/Desktop/University stuff/New Globuloid/Roller 4.10/Intermediate/Config/CoalescedSourceConfigs/SourceControlSettings.ini" 452
"C:/Users/Paul/Desktop/University stuff/New Globuloid/Roller 4.10/Saved/Config/Windows/SourceControlSettings.ini" 453
"../../../Engine/Plugins/Runtime/LeapMotionController/Content/LM_CapsuleMesh.uasset" 454
"../../../Engine/Plugins/Runtime/LeapMotionController/Content/LM_TorusMesh.uasset" 455
"../../../Engine/Plugins/Runtime/LeapMotionController/Content/LM_HandColor.uasset" 456
"../../../Engine/Plugins/Runtime/LeapMotionController/Content/LM_PassthroughMaterial.uasset" 457
"../../../Engine/Plugins/Runtime/LeapMotionController/Content/LM_SampleDistortion.uasset" 458
"../../../Engine/Plugins/Runtime/LeapMotionController/Content/LM_TestTexture.uasset" 459
"../../../Engine/Content/BasicShapes/Cube.uasset" 460
"../../../Engine/Content/EngineMaterials/RemoveSurfaceMaterial.uasset" 461
"../../../Engine/Content/EngineDebugMaterials/DebugMeshMaterial.uasset" 462
"../../../Engine/Content/EngineMaterials/M_InvalidLightmapSettings.uasset" 463
"../../../Engine/Content/EngineMaterials/InvalidLightmapSettings.uasset" 464
"../../../Engine/Content/EditorMaterials/GizmoMaterial.uasset" 465
"../../../Engine/Content/EngineMaterials/Good64x64TilingNoiseHighFreq.uasset" 466
"../../../Engine/Content/EngineMaterials/DefaultBokeh.uasset" 467
"../../../Engine/Content/EngineMaterials/PreintegratedSkinBRDF.uasset" 468
"../../../Engine/Content/EngineMaterials/MiniFont.uasset" 469
"../../../Engine/Content/EngineMaterials/WeightMapPlaceholderTexture.uasset" 470
"../../../Engine/Content/EngineMaterials/DefaultWhiteGrid.uasset" 471
"../../../Engine/Content/EngineMaterials/DefaultPhysicalMaterial.uasset" 472
"../../../Engine/Content/EngineFonts/RobotoTiny.uasset" 473
"../../../../../../Users/Paul/Desktop/University stuff/New Globuloid/Roller 4.10/Intermediate/CachedAssetRegistry.bin" 474
"../../../../../../Users/Paul/Desktop/University stuff/New Globuloid/Roller 4.10/Saved/Autosaves/Game/Ball_Auto1.uasset" 475
"../../../../../../Users/Paul/Desktop/University stuff/New Globuloid/Roller 4.10/Saved/Autosaves/Game/Ball_Auto2.uasset" 476
"../../../../../../Users/Paul/Desktop/University stuff/New Globuloid/Roller 4.10/Saved/Autosaves/Game/Ball_Auto3.uasset" 477
"../../../../../../Users/Paul/Desktop/University stuff/New Globuloid/Roller 4.10/Saved/Autosaves/Game/Ball_Auto4.uasset" 478
"../../../../../../Users/Paul/Desktop/University stuff/New Globuloid/Roller 4.10/Saved/Autosaves/Game/Ball_Auto5.uasset" 479
"../../../../../../Users/Paul/Desktop/University stuff/New Globuloid/Roller 4.10/Saved/Autosaves/Game/Ball_Auto6.uasset" 480
"../../../../../../Users/Paul/Desktop/University stuff/New Globuloid/Roller 4.10/Saved/Autosaves/Game/Ball_Auto7.uasset" 481
"../../../../../../Users/Paul/Desktop/University stuff/New Globuloid/Roller 4.10/Saved/Autosaves/Game/Ball_Auto8.uasset" 482
"../../../../../../Users/Paul/Desktop/University stuff/New Globuloid/Roller 4.10/Saved/Autosaves/Game/Ball_Auto9.uasset" 483
"../../../../../../Users/Paul/Desktop/University stuff/New Globuloid/Roller 4.10/Saved/Autosaves/Game/Coin_Auto1.uasset" 484
"../../../../../../Users/Paul/Desktop/University stuff/New Globuloid/Roller 4.10/Saved/Autosaves/Game/Crate_Auto1.uasset" 485
"../../../../../../Users/Paul/Desktop/University stuff/New Globuloid/Roller 4.10/Saved/Autosaves/Game/Crate_Auto2.uasset" 486
"../../../../../../Users/Paul/Desktop/University stuff/New Globuloid/Roller 4.10/Saved/Autosaves/Game/Crate_Auto3.uasset" 487
"../../../../../../Users/Paul/Desktop/University stuff/New Globuloid/Roller 4.10/Saved/Autosaves/Game/Crate_Auto4.uasset" 488
"../../../../../../Users/Paul/Desktop/University stuff/New Globuloid/Roller 4.10/Saved/Autosaves/Game/Crate_Black_Child_Auto4.uasset" 489
"../../../../../../Users/Paul/Desktop/University stuff/New Globuloid/Roller 4.10/Saved/Autosaves/Game/Crate_Black_Left_Auto4.uasset" 490
"../../../../../../Users/Paul/Desktop/University stuff/New Globuloid/Roller 4.10/Saved/Autosaves/Game/Crate_Black_Left_Auto5.uasset" 491
"../../../../../../Users/Paul/Desktop/University stuff/New Globuloid/Roller 4.10/Saved/Autosaves/Game/Crate_Black_Left_Auto6.uasset" 492
"../../../../../../Users/Paul/Desktop/University stuff/New Globuloid/Roller 4.10/Saved/Autosaves/Game/Crate_Blue_Auto3.uasset" 493
"../../../../../../Users/Paul/Desktop/University stuff/New Globuloid/Roller 4.10/Saved/Autosaves/Game/Crate_Blue_Auto4.uasset" 494
"../../../../../../Users/Paul/Desktop/University stuff/New Globuloid/Roller 4.10/Saved/Autosaves/Game/Crate_Gold_Auto1.uasset" 495
"../../../../../../Users/Paul/Desktop/University stuff/New Globuloid/Roller 4.10/Saved/Autosaves/Game/Crate_Gold_Child_Auto2.uasset" 496
"../../../../../../Users/Paul/Desktop/University stuff/New Globuloid/Roller 4.10/Saved/Autosaves/Game/Crate_Green_Auto3.uasset" 497
"../../../../../../Users/Paul/Desktop/University stuff/New Globuloid/Roller 4.10/Saved/Autosaves/Game/Crate_Green_Auto4.uasset" 498
"../../../../../../Users/Paul/Desktop/University stuff/New Globuloid/Roller 4.10/Saved/Autosaves/Game/Crate_Red_Auto3.uasset" 499
"../../../../../../Users/Paul/Desktop/University stuff/New Globuloid/Roller 4.10/Saved/Autosaves/Game/Crate_Red_Auto7.uasset" 500
"../../../../../../Users/Paul/Desktop/University stuff/New Globuloid/Roller 4.10/Saved/Autosaves/Game/Door_Auto3.uasset" 501
"../../../../../../Users/Paul/Desktop/University stuff/New Globuloid/Roller 4.10/Saved/Autosaves/Game/Door_Blue_Auto4.uasset" 502
"../../../../../../Users/Paul/Desktop/University stuff/New Globuloid/Roller 4.10/Saved/Autosaves/Game/Door_Green_Auto4.uasset" 503
"../../../../../../Users/Paul/Desktop/University stuff/New Globuloid/Roller 4.10/Saved/Autosaves/Game/Door_Red_Auto7.uasset" 504
"../../../../../../Users/Paul/Desktop/University stuff/New Globuloid/Roller 4.10/Saved/Autosaves/Game/Grey_Auto9.uasset" 505
"../../../../../../Users/Paul/Desktop/University stuff/New Globuloid/Roller 4.10/Saved/Autosaves/Game/MapThree_Auto0.umap" 506
"../../../../../../Users/Paul/Desktop/University stuff/New Globuloid/Roller 4.10/Saved/Autosaves/Game/MapThree_Auto1.umap" 507
"../../../../../../Users/Paul/Desktop/University stuff/New Globuloid/Roller 4.10/Saved/Autosaves/Game/MapThree_Auto2.umap" 508
"../../../../../../Users/Paul/Desktop/University stuff/New Globuloid/Roller 4.10/Saved/Autosaves/Game/MapThree_Auto3.umap" 509
"../../../../../../Users/Paul/Desktop/University stuff/New Globuloid/Roller 4.10/Saved/Autosaves/Game/MapThree_Auto4.umap" 510
"../../../../../../Users/Paul/Desktop/University stuff/New Globuloid/Roller 4.10/Saved/Autosaves/Game/MapThree_Auto5.umap" 511
"../../../../../../Users/Paul/Desktop/University stuff/New Globuloid/Roller 4.10/Saved/Autosaves/Game/MapThree_Auto6.umap" 512
"../../../../../../Users/Paul/Desktop/University stuff/New Globuloid/Roller 4.10/Saved/Autosaves/Game/MapThree_Auto7.umap" 513
"../../../../../../Users/Paul/Desktop/University stuff/New Globuloid/Roller 4.10/Saved/Autosaves/Game/MapThree_Auto8.umap" 514
"../../../../../../Users/Paul/Desktop/University stuff/New Globuloid/Roller 4.10/Saved/Autosaves/Game/MapThree_Auto9.umap" 515
"../../../../../../Users/Paul/Desktop/University stuff/New Globuloid/Roller 4.10/Saved/Autosaves/Game/MapTwo_Auto0.umap" 516
"../../../../../../Users/Paul/Desktop/University stuff/New Globuloid/Roller 4.10/Saved/Autosaves/Game/MapTwo_Auto3.umap" 517
"../../../../../../Users/Paul/Desktop/University stuff/New Globuloid/Roller 4.10/Saved/Autosaves/Game/MapTwo_Auto4.umap" 518
"../../../../../../Users/Paul/Desktop/University stuff/New Globuloid/Roller 4.10/Saved/Autosaves/Game/MapTwo_Auto5.umap" 519
"../../../../../../Users/Paul/Desktop/University stuff/New Globuloid/Roller 4.10/Saved/Autosaves/Game/MapTwo_Auto6.umap" 520
"../../../../../../Users/Paul/Desktop/University stuff/New Globuloid/Roller 4.10/Saved/Autosaves/Game/MapTwo_Auto7.umap" 521
"../../../../../../Users/Paul/Desktop/University stuff/New Globuloid/Roller 4.10/Saved/Autosaves/Game/MapTwo_Auto8.umap" 522
"../../../../../../Users/Paul/Desktop/University stuff/New Globuloid/Roller 4.10/Saved/Autosaves/Game/MapTwo_Auto9.umap" 523
"../../../../../../Users/Paul/Desktop/University stuff/New Globuloid/Roller 4.10/Saved/Autosaves/Game/Moving_Cube_Auto0.uasset" 524
"../../../../../../Users/Paul/Desktop/University stuff/New Globuloid/Roller 4.10/Saved/Autosaves/Game/Moving_Door_Green_Auto0.uasset" 525
"../../../../../../Users/Paul/Desktop/University stuff/New Globuloid/Roller 4.10/Saved/Autosaves/Game/Moving_Door_Green_Auto1.uasset" 526
"../../../../../../Users/Paul/Desktop/University stuff/New Globuloid/Roller 4.10/Saved/Autosaves/Game/Moving_Wall_Auto0.uasset" 527
"../../../../../../Users/Paul/Desktop/University stuff/New Globuloid/Roller 4.10/Saved/Autosaves/Game/Moving_Wall_Auto1.uasset" 528
"../../../../../../Users/Paul/Desktop/University stuff/New Globuloid/Roller 4.10/Saved/Autosaves/Game/Moving_Wall_Auto8.uasset" 529
"../../../../../../Users/Paul/Desktop/University stuff/New Globuloid/Roller 4.10/Saved/Autosaves/Game/Moving_Wall_Auto9.uasset" 530
"../../../../../../Users/Paul/Desktop/University stuff/New Globuloid/Roller 4.10/Saved/Autosaves/Game/RollerHUD_Auto4.uasset" 531
"../../../../../../Users/Paul/Desktop/University stuff/New Globuloid/Roller 4.10/Saved/Autosaves/Game/RollerMap_Auto0.umap" 532
"../../../../../../Users/Paul/Desktop/University stuff/New Globuloid/Roller 4.10/Saved/Autosaves/Game/RollerMap_Auto1.umap" 533
"../../../../../../Users/Paul/Desktop/University stuff/New Globuloid/Roller 4.10/Saved/Autosaves/Game/RollerMap_Auto2.umap" 534
"../../../../../../Users/Paul/Desktop/University stuff/New Globuloid/Roller 4.10/Saved/Autosaves/Game/RollerMap_Auto3.umap" 535
"../../../../../../Users/Paul/Desktop/University stuff/New Globuloid/Roller 4.10/Saved/Autosaves/Game/RollerMap_Auto4.umap" 536
"../../../../../../Users/Paul/Desktop/University stuff/New Globuloid/Roller 4.10/Saved/Autosaves/Game/RollerMap_Auto5.umap" 537
"../../../../../../Users/Paul/Desktop/University stuff/New Globuloid/Roller 4.10/Saved/Autosaves/Game/RollerMap_Auto6.umap" 538
"../../../../../../Users/Paul/Desktop/University stuff/New Globuloid/Roller 4.10/Saved/Autosaves/Game/RollerMap_Auto7.umap" 539
"../../../../../../Users/Paul/Desktop/University stuff/New Globuloid/Roller 4.10/Saved/Autosaves/Game/RollerMap_Auto9.umap" 540
"../../../../../../Users/Paul/Desktop/University stuff/New Globuloid/Roller 4.10/Saved/Autosaves/Game/RollerPlayerController_Auto3.uasset" 541
"../../../../../../Users/Paul/Desktop/University stuff/New Globuloid/Roller 4.10/Saved/Autosaves/Game/RollerPlayerController_Auto4.uasset" 542
"../../../../../../Users/Paul/Desktop/University stuff/New Globuloid/Roller 4.10/Saved/Autosaves/Game/RollerPlayerController_Auto5.uasset" 543
"../../../../../../Users/Paul/Desktop/University stuff/New Globuloid/Roller 4.10/Saved/Autosaves/Game/Maps/MapOne_Auto5.umap" 544
"../../../../../../Users/Paul/Desktop/University stuff/New Globuloid/Roller 4.10/Saved/Autosaves/Game/User_Interface/Game_Menu/In_Game_Menu_Auto1.uasset" 545
"../../../../../../Users/Paul/Desktop/University stuff/New Globuloid/Roller 4.10/Saved/Autosaves/Game/User_Interface/Game_Menu/Main_Menu_Auto1.uasset" 546
"../../../../../../Users/Paul/Desktop/University stuff/New Globuloid/Roller 4.10/Saved/Autosaves/Game/User_Interface/Game_Menu/NewWidgetBlueprint_Auto1.uasset" 547
"../../../Engine/Config/HTML5/HTML5Engine.ini" 548
"../../../Engine/Content/MobileResources/HUD/VirtualJoystick_Thumb.uasset" 549
"../../../../../../Users/Paul/Desktop/University stuff/New Globuloid/Roller 4.10/Content/RollerGameMode.uasset" 550
"../../../../../../Users/Paul/Desktop/University stuff/New Globuloid/Roller 4.10/Content/Ball.uasset" 551
"../../../../../../Users/Paul/Desktop/University stuff/New Globuloid/Roller 4.10/Content/Objects/Ball.uasset" 552
"../../../../../../Users/Paul/Desktop/University stuff/New Globuloid/Roller 4.10/Content/Objects/Coin.uasset" 553
"../../../../../../Users/Paul/Desktop/University stuff/New Globuloid/Roller 4.10/Content/Materials/CoinMaterial.uasset" 554
"../../../../../../Users/Paul/Desktop/University stuff/New Globuloid/Roller 4.10/Content/Textures/CoinTex.uasset" 555
"../../../Engine/Content/BasicShapes/Cylinder.uasset" 556
"../../../../../../Users/Paul/Desktop/University stuff/New Globuloid/Roller 4.10/Content/Objects/Coin_Super.uasset" 557
"../../../../../../Users/Paul/Desktop/University stuff/New Globuloid/Roller 4.10/Content/Objects/Crate.uasset" 558
"../../../../../../Users/Paul/Desktop/University stuff/New Globuloid/Roller 4.10/Content/Materials/White.uasset" 559
"../../../../../../Users/Paul/Desktop/University stuff/New Globuloid/Roller 4.10/Content/Objects/Crate_Black.uasset" 560
"../../../../../../Users/Paul/Desktop/University stuff/New Globuloid/Roller 4.10/Content/Materials/Black.uasset" 561
"../../../../../../Users/Paul/Desktop/University stuff/New Globuloid/Roller 4.10/Content/Objects/Crate_Blue.uasset" 562
"../../../../../../Users/Paul/Desktop/University stuff/New Globuloid/Roller 4.10/Content/Materials/Blue.uasset" 563
"../../../../../../Users/Paul/Desktop/University stuff/New Globuloid/Roller 4.10/Content/Objects/Crate_Gold.uasset" 564
"../../../../../../Users/Paul/Desktop/University stuff/New Globuloid/Roller 4.10/Content/Materials/Gold.uasset" 565
"../../../../../../Users/Paul/Desktop/University stuff/New Globuloid/Roller 4.10/Content/Objects/Crate_Green.uasset" 566
"../../../../../../Users/Paul/Desktop/University stuff/New Globuloid/Roller 4.10/Content/Materials/Green.uasset" 567
"../../../../../../Users/Paul/Desktop/University stuff/New Globuloid/Roller 4.10/Content/Objects/Crate_Red.uasset" 568
"../../../../../../Users/Paul/Desktop/University stuff/New Globuloid/Roller 4.10/Content/Materials/Red.uasset" 569
"../../../../../../Users/Paul/Desktop/University stuff/New Globuloid/Roller 4.10/Content/Objects/Door.uasset" 570
"../../../Engine/Content/BasicShapes/BasicShapeMaterial.uasset" 571
"../../../../../../Users/Paul/Desktop/University stuff/New Globuloid/Roller 4.10/Content/Objects/Door_Blue.uasset" 572
"../../../../../../Users/Paul/Desktop/University stuff/New Globuloid/Roller 4.10/Content/Objects/Door_Green.uasset" 573
"../../../../../../Users/Paul/Desktop/University stuff/New Globuloid/Roller 4.10/Content/Objects/Door_Red.uasset" 574
"../../../../../../Users/Paul/Desktop/University stuff/New Globuloid/Roller 4.10/Content/RollerPlayerController.uasset" 575
"../../../Engine/Content/BasicShapes/Sphere.uasset" 576
"../../../../../../Users/Paul/Desktop/University stuff/New Globuloid/Roller 4.10/Content/Materials/BallMaterial.uasset" 577
"../../../../../../Users/Paul/Desktop/University stuff/New Globuloid/Roller 4.10/Content/User_Interface/Game_Menu/In_Game_Menu.uasset" 578
"../../../../../../Users/Paul/Desktop/University stuff/New Globuloid/Roller 4.10/Content/Audio/Etirwer_Looped_.uasset" 579
"C:/Users/Paul/AppData/Local/UnrealEngine/Common/DerivedDataCache/4/9/7/MATSM_984AFA3849534FAA8491540B994BD32E_PCD3D_SM5_3__BC5N_DEV_SL_NODBUF9EE216B2__8CFA5B0DA1AD6568F874F0C68B07221B327839AD.udd" 580
"C:/Users/Paul/AppData/Local/UnrealEngine/Common/DerivedDataCache/3/6/3/AUDIO_0002_0000_OGG_0001_346222F14DAC80FB66B9BDA4E4C73579.udd" 581
"C:/Users/Paul/AppData/Local/UnrealEngine/Common/DerivedDataCache/9/8/2/MATSM_984AFA3849534FAA8491540B994BD32E_PCD3D_SM5_3__BC5N_DEV_SL_NODBUF96284FF2__AFB1BB59C210E67A79252E72EE0E349226A95946.udd" 582
"C:/Users/Paul/AppData/Local/UnrealEngine/Common/DerivedDataCache/4/7/6/MATSM_984AFA3849534FAA8491540B994BD32E_PCD3D_SM5_3__BC5N_DEV_SL_NODBUF6CFD36A7__2AF9EEC66998EB4777AC4BC710A5C89D9FAB2A7E.udd" 583
"C:/Users/Paul/AppData/Local/UnrealEngine/Common/DerivedDataCache/9/2/6/MATSM_984AFA3849534FAA8491540B994BD32E_PCD3D_SM5_3__BC5N_DEV_SL_NODBUF3B6D160A__896033BF1669A0045FEA474A151F9FF8849BF125.udd" 584
"C:/Users/Paul/AppData/Local/UnrealEngine/Common/DerivedDataCache/0/0/3/MATSM_984AFA3849534FAA8491540B994BD32E_PCD3D_SM5_3__BC5N_DEV_SL_NODBUF457C30B8__254D2A46CDBDD15FB8386F6D8EA794E08AD380F7.udd" 585
"C:/Users/Paul/AppData/Local/UnrealEngine/Common/DerivedDataCache/0/7/6/MATSM_984AFA3849534FAA8491540B994BD32E_PCD3D_SM5_3__BC5N_DEV_SL_NODBUF7542C52A__7CC6374CF6D9E5FC5D4623C86E3AC7CBF27E6B91.udd" 586
"C:/Users/Paul/AppData/Local/UnrealEngine/Common/DerivedDataCache/9/3/3/MATSM_984AFA3849534FAA8491540B994BD32E_PCD3D_SM5_3__BC5N_DEV_SL_NODBUF7ED2D6BD__E747B50CFECE5F2362C959FE6CBA353DCA89D3E9.udd" 587
"C:/Users/Paul/AppData/Local/UnrealEngine/Common/DerivedDataCache/2/6/7/MATSM_984AFA3849534FAA8491540B994BD32E_PCD3D_SM5_3__BC5N_DEV_SL_NODBUF3C3FB751__1ED57CE00A2004967D9C144CD169A6C0E037D004.udd" 588
"../../../Engine/Content/EditorResources/BSPVertex.uasset" 589
"../../../Engine/Content/EngineDebugMaterials/GeomMaterial.uasset" 590
"../../../Engine/Content/EngineDebugMaterials/BoneWeightMaterial.uasset" 591
"../../../Engine/Content/EngineDebugMaterials/HeatmapGradient.uasset" 592
"../../../Engine/Content/EditorMaterials/PhAT_JointLimitMaterial.uasset" 593
"../../../Engine/Content/EditorMaterials/PreviewShadowIndicatorMaterial.uasset" 594
"../../../Engine/Content/EditorMaterials/PreviewShadowIndicator.uasset" 595
"../../../Engine/Content/EngineMaterials/EditorBrushMaterial.uasset" 596
"../../../Engine/Content/EditorMeshes/ColorCalibrator/SM_ColorCalibrator.uasset" 597
"../../../Engine/Content/EditorMeshes/ColorCalibrator/M_ChromeBall.uasset" 598
"../../../Engine/Content/EditorMeshes/ColorCalibrator/M_ClearCoat.uasset" 599
"../../../Engine/Content/EditorMeshes/ColorCalibrator/M_ClearCoatBlack.uasset" 600
"../../../Engine/Content/EditorMeshes/ColorCalibrator/M_ColorGrid.uasset" 601
"../../../Engine/Content/EditorMeshes/ColorCalibrator/T_ColorGrid.uasset" 602
"../../../Engine/Content/EditorMeshes/ColorCalibrator/M_GreyBall.uasset" 603
"../../../Engine/Content/MobileResources/HUD/DefaultVirtualJoysticks.uasset" 604
"../../../Engine/Content/MobileResources/HUD/VirtualJoystick_Background.uasset" 605
"../../../Engine/Content/Tutorial/BlueprintTutorials/TutorialAssets/Blueprint_64x.uasset" 606
"../../../Engine/Content/Tutorial/SubEditors/TutorialAssets/icon_Editor_Preferences_General_40x.uasset" 607
"../../../Engine/Content/Tutorial/Paper2D/TutorialAssets/Paper2DSprite_TutorialIcon.uasset" 608
"../../../Engine/Content/Tutorial/SubEditors/TutorialAssets/icon_ShowSkeletalMeshes_40x.uasset" 609
"../../../Engine/Content/Tutorial/Landscape/TutorialAssets/Landscape.uasset" 610
"../../../Engine/Content/Tutorial/Foliage/TutorialAssets/Foliage.uasset" 611
"../../../Engine/Content/Tutorial/SubEditors/StaticMeshEditorTutorial.uasset" 612
"../../../Engine/Content/EngineMeshes/Cube.uasset" 613
"../../../Engine/Content/Tutorial/Basics/LevelEditorOverview.uasset" 614
"../../../Engine/Content/Tutorial/Basics/TutorialAssets/icon_tab_Levels_40x.uasset" 615
"../../../Engine/Content/Tutorial/BlueprintTutorials/BlueprintEditorTutorial.uasset" 616
"../../../Engine/Content/Tutorial/BlueprintTutorials/BlueprintMacroLibrariesEditorOverview.uasset" 617
"../../../Engine/Content/Tutorial/BlueprintTutorials/TutorialAssets/BlueprintMacroLibrary_64x.uasset" 618
"../../../Engine/Content/Tutorial/BlueprintTutorials/TutorialAssets/Tutorial_BP_MacroLib.uasset" 619
"../../../Engine/Content/Tutorial/BlueprintTutorials/BlueprintInterfacesEditorOverview.uasset" 620
"../../../Engine/Content/Tutorial/BlueprintTutorials/TutorialAssets/BlueprintInterface_64x.uasset" 621
"../../../Engine/Content/Tutorial/BlueprintTutorials/TutorialAssets/Tutorial_BP_Interface.uasset" 622
"../../../Engine/Content/Tutorial/BlueprintTutorials/LevelBlueprintEditorOverview.uasset" 623
"../../../Engine/Content/Tutorial/SubEditors/DestructibleMeshEditorTutorial.uasset" 624
"../../../Engine/Content/Tutorial/SubEditors/TutorialAssets/Tutorial_DM.uasset" 625
"../../../Engine/Content/EditorMeshes/EditorCube.uasset" 626
"../../../Engine/Content/Tutorial/SubEditors/MaterialEditorTutorial.uasset" 627
"../../../Engine/Content/Tutorial/SubEditors/TutorialAssets/TutorialMaterial.uasset" 628
"../../../Engine/Content/Tutorial/SubEditors/ParticleSystemEditorTutorial.uasset" 629
"../../../Engine/Content/Tutorial/SubEditors/TutorialAssets/TutorialParticleSystem.uasset" 630
"../../../Engine/Content/Tutorial/SubEditors/TutorialAssets/M_smoke_subUV_blackbody.uasset" 631
"../../../Engine/Content/Tutorial/SubEditors/TutorialAssets/T_SmokeSubUV_8X8.uasset" 632
"../../../Engine/Content/Tutorial/SubEditors/TutorialAssets/T_soft_smoke.uasset" 633
"../../../Engine/Content/Tutorial/SubEditors/PersonaAnimEditorWalkThrough.uasset" 634
"../../../Engine/Content/Tutorial/SubEditors/TutorialAssets/Character/NewBlendSpace1D.uasset" 635
"../../../Engine/Content/Tutorial/SubEditors/TutorialAssets/Character/Tutorial_Idle.uasset" 636
"../../../Engine/Content/Tutorial/SubEditors/TutorialAssets/Character/TutorialTPP_Skeleton.uasset" 637
"../../../Engine/Content/Tutorial/SubEditors/TutorialAssets/Character/Tutorial_Walk_Fwd.uasset" 638
"../../../Engine/Content/Tutorial/SubEditors/TutorialAssets/Character/TutorialTPP.uasset" 639
"../../../Engine/Content/Tutorial/SubEditors/TutorialAssets/Character/TutorialTPP_Mat.uasset" 640
"../../../Engine/Content/Tutorial/SubEditors/TutorialAssets/Character/TutorialTPP_PhysicsAsset.uasset" 641
"../../../Engine/Content/Tutorial/SubEditors/PersonaAnimBlueprintEditorWalkthrough.uasset" 642
"../../../Engine/Content/Tutorial/SubEditors/TutorialAssets/Character/TutorialTPP_AnimBlueprint.uasset" 643
"../../../Engine/Content/EditorBlueprintResources/StandardMacros.uasset" 644
"../../../Engine/Content/Tutorial/SubEditors/TutorialAssets/Character/TutorialCharacter.uasset" 645
"../../../Engine/Content/Tutorial/Paper2D/SpriteEditorTutorial.uasset" 646
"../../../Engine/Content/Tutorial/Paper2D/FlipbookEditorTutorial.uasset" 647
"../../../Engine/Content/Tutorial/Paper2D/TutorialAssets/Paper2DFlipbook_TutorialIcon.uasset" 648
"../../../Engine/Content/Tutorial/Landscape/Landscape_Manage_Mode.uasset" 649
"../../../Engine/Content/Tutorial/Landscape/Landscape_Sculpt_Mode.uasset" 650
"../../../Engine/Content/Tutorial/Landscape/Landscape_Painting_Mode.uasset" 651
"../../../Engine/Content/Tutorial/Foliage/Foliage_Intro_Tutorial.uasset" 652
"../../../Engine/Content/Tutorial/Foliage/Foliage_Using_The_Tool_Tutorial.uasset" 653
"../../../Engine/Content/Tutorial/Foliage/Foliage_Settings_Tutorial.uasset" 654
"../../../Engine/Content/MobileResources/HUD/T_Castle_ThumbstickInner.uasset" 655
"../../../Engine/Content/MobileResources/HUD/MobileHUDDirectionPad2.uasset" 656
"../../../Engine/Content/MobileResources/HUD/MobileHUDButtonFire.uasset" 657
"../../../Engine/Content/MobileResources/HUD/MobileHUDButton2_on.uasset" 658
"../../../Engine/Content/MobileResources/HUD/MobileHUDButton1_on.uasset" 659
"../../../Engine/Content/MobileResources/HUD/LeftVirtualJoystickOnly.uasset" 660
"../../../Engine/Content/MobileResources/HUD/AnalogHat.uasset" 661
"../../../Engine/Content/MobileResources/T_MobileControls_texture.uasset" 662
"../../../Engine/Content/Maps/Entry.umap" 663
"../../../Engine/Content/EngineMaterials/DefaultNormal.uasset" 664
"../../../../../../Users/Paul/Desktop/University stuff/New Globuloid/Roller 4.10/Content/Maps/MapTwo.umap" 665
"../../../Engine/Content/EngineSky/BP_Sky_Sphere.uasset" 666
"../../../Engine/Content/EngineSky/C_Sky_Cloud_Color.uasset" 667
"../../../Engine/Content/EngineSky/C_Sky_Horizon_Color.uasset" 668
"../../../Engine/Content/EngineSky/C_Sky_Zenith_Color.uasset" 669
"../../../Engine/Content/EngineSky/M_Sky_Panning_Clouds2.uasset" 670
"../../../Engine/Content/EngineSky/T_Sky_Blue.uasset" 671
"../../../Engine/Content/EngineSky/T_Sky_Clouds_M.uasset" 672
"../../../Engine/Content/EngineSky/T_Sky_Stars.uasset" 673
"../../../Engine/Content/EngineSky/SM_SkySphere.uasset" 674
"../../../../../../Users/Paul/Desktop/University stuff/New Globuloid/Roller 4.10/Content/Objects/Moving_Cube.uasset" 675
"../../../../../../Users/Paul/Desktop/University stuff/New Globuloid/Roller 4.10/Content/Materials/FloorMaterial.uasset" 676
"../../../Engine/Content/MapTemplates/SM_Template_Map_Floor.uasset" 677
"../../../../../../Users/Paul/Desktop/University stuff/New Globuloid/Roller 4.10/Content/User_Interface/RollerHUD.uasset" 678
"C:/Users/Paul/AppData/Local/UnrealEngine/Common/DerivedDataCache/2/0/1/MATSM_984AFA3849534FAA8491540B994BD32E_PCD3D_SM5_3__BC5N_DEV_SL_NODBUFA3BB3F24__335EB55B54C64852598C2EA70CC1D059F111B8E9.udd" 679
"C:/Users/Paul/AppData/Local/Temp/UnrealShaderWorkingDir/B06BB886460BC37F4FC3D1B5C983D972/3/WorkerOutputOnly.out" 680
"../../../Engine/Content/EditorResources/EmptyActor.uasset" 681
"C:/Users/Paul/AppData/Local/Temp/UnrealShaderWorkingDir/B06BB886460BC37F4FC3D1B5C983D972/1/WorkerOutputOnly.out" 682
"../../../../../../Users/Paul/Desktop/University stuff/New Globuloid/Roller 4.10/Content/Maps/MapThree.umap" 683
"../../../../../../Users/Paul/Desktop/University stuff/New Globuloid/Roller 4.10/Content/Objects/Crate_Black_Left.uasset" 684
"../../../../../../Users/Paul/Desktop/University stuff/New Globuloid/Roller 4.10/Content/Objects/Crate_Black_Right.uasset" 685
"C:/Users/Paul/AppData/Local/Temp/UnrealShaderWorkingDir/B06BB886460BC37F4FC3D1B5C983D972/4/WorkerOutputOnly.out" 686
"../../../../../../Users/Paul/Desktop/University stuff/New Globuloid/Roller 4.10/Content/Objects/Crate_Gold_Three.uasset" 687
"../../../../../../Users/Paul/Desktop/University stuff/New Globuloid/Roller 4.10/Content/Objects/Moving_Door_Green.uasset" 688
"../../../../../../Users/Paul/Desktop/University stuff/New Globuloid/Roller 4.10/Content/Objects/Moving_Wall.uasset" 689
"../../../../../../Users/Paul/Desktop/University stuff/New Globuloid/Roller 4.10/Content/Materials/Grey.uasset" 690
"C:/Users/Paul/AppData/Local/UnrealEngine/Common/DerivedDataCache/1/8/5/MATSM_984AFA3849534FAA8491540B994BD32E_PCD3D_SM5_3__BC5N_DEV_SL_NODBUF32F21BA5__DE8CEEFA0F94324C87553A51845AA660FF221BC0.udd" 691
"../../../Engine/Content/EditorResources/LightIcons/S_LightError.uasset" 692
"../../../../../../Users/Paul/Desktop/University stuff/New Globuloid/Roller 4.10/Content/Maps/MainMenuMap.umap" 693
"../../../../../../Users/Paul/Desktop/University stuff/New Globuloid/Roller 4.10/Content/MenuActor.uasset" 694
"../../../../../../Users/Paul/Desktop/University stuff/New Globuloid/Roller 4.10/Content/User_Interface/Game_Menu/Main_Menu.uasset" 695
"../../../../../../Users/Paul/Desktop/University stuff/New Globuloid/Roller 4.10/Content/User_Interface/Game_Menu/NewWidgetBlueprint.uasset" 696
"C:/Users/Paul/AppData/Local/UnrealEngine/Common/DerivedDataCache/3/4/4/TEXTURE_814DCC3DC72143F49509781513CB9855_AUTODXT_A9DF46F0435F66B50E78FB9A4CCC8__C158722D83EB8931532DCA543A3B0B679D766EE8.udd" 697
"C:/Users/Paul/AppData/Local/UnrealEngine/Common/DerivedDataCache/7/6/4/TEXTURE_814DCC3DC72143F49509781513CB9855_AUTODXT_A9DF46F0435F66B50E78FB9A4CCC8__535F6E312B6A470A1804197F4E1D83EE5747EAF4.udd" 698
"C:/Users/Paul/AppData/Local/UnrealEngine/Common/DerivedDataCache/4/5/2/TEXTURE_814DCC3DC72143F49509781513CB9855_AUTODXT_A9DF46F0435F66B50E78FB9A4CCC8__39B1DC256D863EEAFD61CBC5177626268708CC85.udd" 699
"../../../../../../Users/Paul/Desktop/University stuff/New Globuloid/Roller 4.10/Content/Objects/Crate_Gold_Two.uasset" 700
"../../../../../../Users/Paul/Desktop/University stuff/New Globuloid/Roller 4.10/Content/Objects/Crate_Gold_One.uasset" 701
"C:/Users/Paul/AppData/Local/Temp/UnrealShaderWorkingDir/B06BB886460BC37F4FC3D1B5C983D972/0/WorkerOutputOnly.out" 702
"C:/Users/Paul/AppData/Local/Temp/UnrealShaderWorkingDir/B06BB886460BC37F4FC3D1B5C983D972/2/WorkerOutputOnly.out" 703
"../../../../../../Users/Paul/Desktop/University stuff/New Globuloid/Roller 4.10/Content/Coin.uasset" 704
"../../../Engine/Content/MobileResources/HUD/MobileHUDDirectionPad.uasset" 705
"../../../Engine/Content/MobileResources/HUD/MobileHUDButton1_off.uasset" 706
"../../../../../../Users/Paul/Desktop/University stuff/New Globuloid/Roller 4.10/Content/Maps/MapOne.umap" 707
"../../../Engine/Content/MobileResources/HUD/T_Castle_ThumbstickOutter.uasset" 708
"../../../Engine/Content/MobileResources/T_MobileMenu2.uasset" 709
"../../../../../../Users/Paul/Desktop/University stuff/New Globuloid/Roller 4.10/Content/RollerHUD.uasset" 710
"../../../../../../Users/Paul/Desktop/University stuff/New Globuloid/Roller 4.10/Content/Moving_Wall.uasset" 711
"../../../../../../Users/Paul/Desktop/University stuff/New Globuloid/Roller 4.10/Content/Moving_Door_Green.uasset" 712
"../../../../../../Users/Paul/Desktop/University stuff/New Globuloid/Roller 4.10/Content/Moving_Cube.uasset" 713
"../../../../../../Users/Paul/Desktop/University stuff/New Globuloid/Roller 4.10/Content/FloorMaterial.uasset" 714
"../../../../../../Users/Paul/Desktop/University stuff/New Globuloid/Roller 4.10/Content/Door_Red.uasset" 715
"../../../../../../Users/Paul/Desktop/University stuff/New Globuloid/Roller 4.10/Content/Door_Green_Child.uasset" 716
"../../../../../../Users/Paul/Desktop/University stuff/New Globuloid/Roller 4.10/Content/Door_Green.uasset" 717
"../../../../../../Users/Paul/Desktop/University stuff/New Globuloid/Roller 4.10/Content/Door_Blue.uasset" 718
"../../../../../../Users/Paul/Desktop/University stuff/New Globuloid/Roller 4.10/Content/Door.uasset" 719
"../../../../../../Users/Paul/Desktop/University stuff/New Globuloid/Roller 4.10/Content/Crate_Red.uasset" 720
"../../../../../../Users/Paul/Desktop/University stuff/New Globuloid/Roller 4.10/Content/Crate_Green.uasset" 721
"../../../../../../Users/Paul/Desktop/University stuff/New Globuloid/Roller 4.10/Content/Crate_Gold_Three.uasset" 722
"../../../../../../Users/Paul/Desktop/University stuff/New Globuloid/Roller 4.10/Content/Crate_Gold_One.uasset" 723
"../../../../../../Users/Paul/Desktop/University stuff/New Globuloid/Roller 4.10/Content/Crate_Gold_Child.uasset" 724
"../../../../../../Users/Paul/Desktop/University stuff/New Globuloid/Roller 4.10/Content/Crate_Gold.uasset" 725
"../../../../../../Users/Paul/Desktop/University stuff/New Globuloid/Roller 4.10/Content/Crate_Blue.uasset" 726
"../../../../../../Users/Paul/Desktop/University stuff/New Globuloid/Roller 4.10/Content/Crate_Black_Right.uasset" 727
"../../../../../../Users/Paul/Desktop/University stuff/New Globuloid/Roller 4.10/Content/Crate_Black_Left.uasset" 728
"C:/Users/Paul/AppData/Local/UnrealEngine/Common/DerivedDataCache/2/5/2/MATSM_984AFA3849534FAA8491540B994BD32E_PCD3D_SM4_3__BC5N_DEV_SL_NODBUF7542C52A__73FEA8EDB6629F61CEA2D6B53A1AE899389A1A42.udd" 729
"C:/Users/Paul/AppData/Local/UnrealEngine/Common/DerivedDataCache/9/2/6/MATSM_984AFA3849534FAA8491540B994BD32E_PCD3D_SM4_3__BC5N_DEV_SL_NODBUF7ED2D6BD__5179B8DC4C03D6D4ECE30BD156B2EE261860751D.udd" 730
"../../../../../../Users/Paul/Desktop/University stuff/New Globuloid/Roller 4.10/Content/Crate_Black_Child.uasset" 731
"../../../../../../Users/Paul/Desktop/University stuff/New Globuloid/Roller 4.10/Content/Crate_Black.uasset" 732
"../../../../../../Users/Paul/Desktop/University stuff/New Globuloid/Roller 4.10/Content/Crate.uasset" 733
"../../../../../../Users/Paul/Desktop/University stuff/New Globuloid/Roller 4.10/Content/Coin_Super.uasset" 734
"C:/Users/Paul/AppData/Local/UnrealEngine/Common/DerivedDataCache/6/0/8/MATSM_984AFA3849534FAA8491540B994BD32E_PCD3D_SM4_3__BC5N_DEV_SL_NODBUF3C3FB751__AB24C0760BBAAC4CAE79234B469F94E0D01B37FD.udd" 735
"../../../../../../Users/Paul/Desktop/University stuff/New Globuloid/Roller 4.10/Content/Coin_Child.uasset" 736
"../../../../../../Users/Paul/Desktop/University stuff/New Globuloid/Roller 4.10/Content/CoinTex.uasset" 737
"../../../Engine/Content/MobileResources/HUD/MobileHUDDirectionStick.uasset" 738
"../../../Engine/Content/MobileResources/HUD/MobileHUDDirectionPad3.uasset" 739
"../../../Engine/Content/MobileResources/HUD/MobileHUDButton2_off.uasset" 740
"../../../Engine/Content/MobileResources/HUD/MobileHUDButton3.uasset" 741
