[2018.11.12-16.24.53:080][  0]Log file open, 11/12/18 16:24:53
[2018.11.12-16.24.53:080][  0]LogInit:Display: Running engine for game: Roller
[2018.11.12-16.24.53:080][  0]LogPlatformFile: Not using cached read wrapper
[2018.11.12-16.24.53:080][  0]LogInit:Display: RandInit(391025363) SRandInit(391025364).
[2018.11.12-16.24.53:080][  0]LogTaskGraph: Started task graph with 4 named threads and 7 total threads.
[2018.11.12-16.24.53:080][  0]LogStats: Stats thread started at 0.328778
[2018.11.12-16.24.53:080][  0]LogInit: Version: 4.10.4-2872498+++depot+UE4-Releases+4.10
[2018.11.12-16.24.53:080][  0]LogInit: API Version: 2758231
[2018.11.12-16.24.53:080][  0]LogInit: Compiled (64-bit): Feb 18 2016 15:47:04
[2018.11.12-16.24.53:080][  0]LogInit: Compiled with Visual C++: 19.00.23026.00
[2018.11.12-16.24.53:080][  0]LogInit: Build Configuration: Development
[2018.11.12-16.24.53:080][  0]LogInit: Branch Name: ++depot+UE4-Releases+4.10
[2018.11.12-16.24.53:080][  0]LogInit: Command line:  
[2018.11.12-16.24.53:080][  0]LogInit: Base directory: C:/Program Files (x86)/Epic Games/4.10/Engine/Binaries/Win64/
[2018.11.12-16.24.53:080][  0]LogInit: Rocket: 1
[2018.11.12-16.24.53:096][  0]LogInit: Using libcurl 7.41.0
[2018.11.12-16.24.53:096][  0]LogInit:  - built for x86_64-pc-win32
[2018.11.12-16.24.53:096][  0]LogInit:  - supports SSL with WinSSL
[2018.11.12-16.24.53:096][  0]LogInit:  - other features:
[2018.11.12-16.24.53:096][  0]LogInit:      CURL_VERSION_SSL
[2018.11.12-16.24.53:096][  0]LogInit:      CURL_VERSION_IPV6
[2018.11.12-16.24.53:096][  0]LogInit:      CURL_VERSION_ASYNCHDNS
[2018.11.12-16.24.53:096][  0]LogInit:      CURL_VERSION_LARGEFILE
[2018.11.12-16.24.53:096][  0]LogInit:      CURL_VERSION_IDN
[2018.11.12-16.24.53:096][  0]LogInit:  CurlRequestOptions (configurable via config and command line):
[2018.11.12-16.24.53:096][  0]LogInit:  - bVerifyPeer = true  - Libcurl will verify peer certificate
[2018.11.12-16.24.53:096][  0]LogInit:  - bUseHttpProxy = false  - Libcurl will NOT use HTTP proxy
[2018.11.12-16.24.53:096][  0]LogInit:  - bDontReuseConnections = false  - Libcurl will reuse connections
[2018.11.12-16.24.53:096][  0]LogInit:  - CertBundlePath = nullptr  - Libcurl will use whatever was configured at build time.
[2018.11.12-16.24.53:127][  0]LogInit: Presizing for 0 objects not considered by GC, pre-allocating 0 bytes.
[2018.11.12-16.24.53:143][  0]LogInit: Object subsystem initialized
[2018.11.12-16.24.53:143][  0]LogInit: Selected Device Profile: [Windows]
[2018.11.12-16.24.53:143][  0]LogInit: Applying CVar settings loaded from the selected device profile: [Windows]
[2018.11.12-16.24.53:163][  0]LogInit: Computer: DESKTOP-3RUCDJT
[2018.11.12-16.24.53:163][  0]LogInit: User: Paul
[2018.11.12-16.24.53:163][  0]LogInit: CPU Page size=4096, Cores=4
[2018.11.12-16.24.53:163][  0]LogInit: High frequency timer resolution =3.903982 MHz
[2018.11.12-16.24.53:163][  0]LogMemory: Memory total: Physical=7.9GB (8GB approx)
[2018.11.12-16.24.53:163][  0]LogMemory: Platform Memory Stats for Windows
[2018.11.12-16.24.53:163][  0]LogMemory: Process Physical Memory: 58.39 MB used, 58.39 MB peak
[2018.11.12-16.24.53:163][  0]LogMemory: Process Virtual Memory: 56.66 MB used, 56.66 MB peak
[2018.11.12-16.24.53:163][  0]LogMemory: Physical Memory: 3547.05 MB used, 8133.75 MB total
[2018.11.12-16.24.53:163][  0]LogMemory: Virtual Memory: 4500.14 MB used, 134217728.00 MB total
[2018.11.12-16.24.53:325][  0]LogTextLocalizationManager: No specific translations for ('en-GB') exist, so ('en') translations will be used.
[2018.11.12-16.24.53:701][  0]LogD3D11RHI: Found D3D11 adapter 0: NVIDIA GeForce GTX 980 (Feature Level 11_0)
[2018.11.12-16.24.53:701][  0]LogD3D11RHI: Adapter has 4053MB of dedicated video memory, 0MB of dedicated system memory, and 4066MB of shared system memory, 2 output[s]
[2018.11.12-16.24.53:704][  0]LogD3D11RHI: Found D3D11 adapter 1: Microsoft Basic Render Driver (Feature Level 11_0)
[2018.11.12-16.24.53:704][  0]LogD3D11RHI: Adapter has 0MB of dedicated video memory, 0MB of dedicated system memory, and 4066MB of shared system memory, 0 output[s]
[2018.11.12-16.24.53:704][  0]LogD3D11RHI: Chosen D3D11 Adapter Id = 0
[2018.11.12-16.24.53:710][  0]LogD3D11RHI: !Direct3DDevice
[2018.11.12-16.24.53:710][  0]LogRHI: Texture pool is 1361 MB (70% of 1945 MB)
[2018.11.12-16.24.53:739][  0]LogD3D11RHI: Async texture creation enabled
[2018.11.12-16.24.53:769][  0]LogShaderCompilers: Guid format shader working directory is -34 characters bigger than the processId version (../../../../../../Users/Paul/Desktop/University stuff/New Globuloid/Roller 4.10/Intermediate/Shaders/WorkingDirectory/7364/).
[2018.11.12-16.24.53:769][  0]LogShaderCompilers: Cleaned the shader compiler working directory 'C:/Users/Paul/AppData/Local/Temp/UnrealShaderWorkingDir/6176595942E5F512C2311A8A04A40F22/'.
[2018.11.12-16.24.53:769][  0]LogShaderCompilers:Display: Using Local Shader Compiler.
[2018.11.12-16.24.55:119][  0]LogTemp:Display: Loaded TP AllDesktopTargetPlatform
[2018.11.12-16.24.55:127][  0]LogTemp:Display: Loaded TP WindowsClientTargetPlatform
[2018.11.12-16.24.55:135][  0]LogTemp:Display: Loaded TP WindowsNoEditorTargetPlatform
[2018.11.12-16.24.55:143][  0]LogTemp:Display: Loaded TP WindowsServerTargetPlatform
[2018.11.12-16.24.55:153][  0]LogTemp:Display: Loaded TP WindowsTargetPlatform
[2018.11.12-16.24.55:160][  0]LogTemp:Display: Loaded TP AndroidTargetPlatform
[2018.11.12-16.24.55:167][  0]LogTemp:Display: Loaded TP Android_ASTCTargetPlatform
[2018.11.12-16.24.55:173][  0]LogTemp:Display: Loaded TP Android_ATCTargetPlatform
[2018.11.12-16.24.55:179][  0]LogTemp:Display: Loaded TP Android_DXTTargetPlatform
[2018.11.12-16.24.55:186][  0]LogTemp:Display: Loaded TP Android_ETC1TargetPlatform
[2018.11.12-16.24.55:193][  0]LogTemp:Display: Loaded TP Android_ETC2TargetPlatform
[2018.11.12-16.24.55:206][  0]LogTemp:Display: Loaded TP Android_MultiTargetPlatform
[2018.11.12-16.24.55:206][  0]LogTemp:Display: Loaded TP Android_PVRTCTargetPlatform
[2018.11.12-16.24.55:211][  0]LogTemp:Display: Loaded TP HTML5TargetPlatform
[2018.11.12-16.24.55:243][  0]LogTemp:Display: Loaded TP IOSTargetPlatform
[2018.11.12-16.24.55:249][  0]LogTemp:Display: Loaded TP LinuxNoEditorTargetPlatform
[2018.11.12-16.24.55:255][  0]LogTemp:Display: Loaded TP LinuxServerTargetPlatform
[2018.11.12-16.24.55:263][  0]LogTemp:Display: Loaded TP LinuxTargetPlatform
[2018.11.12-16.24.55:263][  0]LogTargetPlatformManager:Display: Building Assets For Windows
[2018.11.12-16.24.55:564][  0]LogDerivedDataCache:Display: Max Cache Size: 512 MB
[2018.11.12-16.24.55:727][  0]LogDerivedDataCache: Loaded boot cache 0.16s 41MB C:/Users/Paul/AppData/Local/UnrealEngine/4.10/DerivedDataCache/Boot.ddc.
[2018.11.12-16.24.55:727][  0]LogDerivedDataCache:Display: Loaded Boot cache: C:/Users/Paul/AppData/Local/UnrealEngine/4.10/DerivedDataCache/Boot.ddc
[2018.11.12-16.24.55:727][  0]LogDerivedDataCache: FDerivedDataBackendGraph:  Pak pak cache file ../../../../../../Users/Paul/Desktop/University stuff/New Globuloid/Roller 4.10/DerivedDataCache/DDC.ddp not found, will not use a pak cache.
[2018.11.12-16.24.55:727][  0]LogDerivedDataCache: Unable to find inner node Pak for hierarchical cache Hierarchy.
[2018.11.12-16.24.55:727][  0]LogDerivedDataCache: FDerivedDataBackendGraph:  CompressedPak pak cache file ../../../../../../Users/Paul/Desktop/University stuff/New Globuloid/Roller 4.10/DerivedDataCache/Compressed.ddp not found, will not use a pak cache.
[2018.11.12-16.24.55:727][  0]LogDerivedDataCache: Unable to find inner node CompressedPak for hierarchical cache Hierarchy.
[2018.11.12-16.24.55:772][  0]LogDerivedDataCache:Display: Pak cache opened for reading ../../../Engine/DerivedDataCache/Compressed.ddp.
[2018.11.12-16.24.55:785][  0]LogDerivedDataCache: Using Local data cache path C:/Users/Paul/AppData/Local/UnrealEngine/Common/DerivedDataCache: Writable
[2018.11.12-16.24.56:295][  0]LogInit: Selected Device Profile: [Windows]
[2018.11.12-16.24.56:301][  0]LogContentStreaming: Texture pool size is 0.000000MB
[2018.11.12-16.24.56:458][  0]LogMeshUtilities: No automatic mesh reduction module available
[2018.11.12-16.24.56:458][  0]LogMeshUtilities: No automatic mesh merging module available
[2018.11.12-16.24.56:783][  0]LogInit: WinSock: version 1.1 (2.2), MaxSocks=32767, MaxUdp=65467
[2018.11.12-16.24.58:472][  0]UdpMessaging: Initializing bridge on interface 0.0.0.0:0 to multicast group 230.0.0.1:6666.
[2018.11.12-16.24.58:673][  0]LogAssetRegistry: FAssetRegistry took 0.0107 seconds to start up
[2018.11.12-16.24.59:073][  0]SourceControl: Info Source control is disabled
[2018.11.12-16.24.59:623][  0]SourceControl: Info Source control is disabled
[2018.11.12-16.24.59:661][  0]SourceControl: Info Source control is disabled
[2018.11.12-16.24.59:695][  0]SourceControl: Info Source control is disabled
[2018.11.12-16.25.00:355][  0]LogObj: 28633 objects as part of root set at end of initial load.
[2018.11.12-16.25.00:355][  0]LogUObjectAllocator: 6099744 out of 0 bytes used by permanent object pool.
[2018.11.12-16.25.00:458][  0]LogEngine: Initializing Engine...
[2018.11.12-16.25.00:462][  0]LogHMD: Can't find Oculus library dev build: is proper Runtime installed? Version: 0.8.0.0
[2018.11.12-16.25.00:467][  0]LogHMD: SteamVR failed to initialize.  Err: 110
[2018.11.12-16.25.00:593][  0]LogAIModule: Creating AISystem for world NewWorld
[2018.11.12-16.25.00:629][  0]LogInit: XAudio2 using 'Speakers (High Definition Audio Device)' : 2 channels at 48 kHz using 16 bits per sample (channel mask 0x3)
[2018.11.12-16.25.00:649][  0]LogInit: FAudioDevice initialized.
[2018.11.12-16.25.00:688][  0]LogDerivedDataCache: Saved boot cache 0.04s 41MB C:/Users/Paul/AppData/Local/UnrealEngine/4.10/DerivedDataCache/Boot.ddc.
[2018.11.12-16.25.00:690][  0]LogInit: Texture streaming: Enabled
[2018.11.12-16.25.00:708][  0]LogAnalytics: Creating configured Analytics provider AnalyticsET
[2018.11.12-16.25.00:708][  0]LogAnalytics: [UEEditor.Rocket.Release] APIServer = http://et2.epicgames.com/ET2/. AppVersion = 4.10.4-2872498+++depot+UE4-Releases+4.10
[2018.11.12-16.25.00:708][  0]LogAnalytics: [UEEditor.Rocket.Release] SetUserId 33ad87aa481fd478238a16a7ed7973a1|eeca19f8cc0e4b789d63a89e07c58255|899863c0-634b-405a-83a8-2e0f3c403d37
[2018.11.12-16.25.00:708][  0]LogAnalytics: [UEEditor.Rocket.Release] AnalyticsET::StartSession
[2018.11.12-16.25.00:735][  0]LogWindowsTextInputMethodSystem:Display: IME system now deactivated.
[2018.11.12-16.25.01:010][  0]LogInit: Transaction tracking system initialized
[2018.11.12-16.25.01:092][  0]BlueprintLog: New page: Editor Load
[2018.11.12-16.25.01:417][  0]LocalizationService: Info Localization service is disabled
[2018.11.12-16.25.01:654][  0]LogConsoleResponse:Display: 
[2018.11.12-16.25.01:806][  0]LogCook:Display: Done creating registry. It took  0.00s.
[2018.11.12-16.25.02:004][  0]LogFileCache: Scanning file cache for directory 'C:/Users/Paul/Desktop/University stuff/New Globuloid/Roller 4.10/Content/' took 0.02s
[2018.11.12-16.25.02:004][  0]SourceControl: Info Source control is disabled
[2018.11.12-16.25.02:005][  0]Cmd: MAP LOAD FILE="../../../../../../Users/Paul/Desktop/University stuff/New Globuloid/Roller 4.10/Content/RollerMap.umap" TEMPLATE=0 SHOWPROGRESS=1 FEATURELEVEL=3
[2018.11.12-16.25.02:005][  0]LogEditorServer:Warning: Can't find file '../../../../../../Users/Paul/Desktop/University stuff/New Globuloid/Roller 4.10/Content/RollerMap.umap'
[2018.11.12-16.25.02:006][  0]Cmd: MAP CHECKDEP NOCLEARLOG
[2018.11.12-16.25.02:067][  0]MapCheck: Info Map check complete: 0 Error(s), 0 Warning(s), took 61.251ms to complete.
[2018.11.12-16.25.02:067][  0]LogFileHelpers: Loading map 'RollerMap' took 0.063
[2018.11.12-16.25.02:220][  0]LogCollectionManager: Loaded 0 collections in 0.003688 seconds
[2018.11.12-16.25.02:279][  0]LogFileCache: Scanning file cache for directory 'C:/Users/Paul/Desktop/University stuff/New Globuloid/Roller 4.10/Saved/Collections/' took 0.01s
[2018.11.12-16.25.02:279][  0]LogFileCache: Scanning file cache for directory 'C:/Users/Paul/Desktop/University stuff/New Globuloid/Roller 4.10/Content/Developers/Paul/Collections/' took 0.01s
[2018.11.12-16.25.02:279][  0]LogFileCache: Scanning file cache for directory 'C:/Users/Paul/Desktop/University stuff/New Globuloid/Roller 4.10/Content/Collections/' took 0.01s
[2018.11.12-16.25.02:279][  0]LogCollectionManager: Rebuilt the GUID cache for 0 collections in 0.000006 seconds
[2018.11.12-16.25.02:285][  0]LogContentBrowser: Native class hierarchy populated in 0.0057 seconds. Added 1893 classes and 338 folders.
[2018.11.12-16.25.02:297][  0]LogContentBrowser: Native class hierarchy updated for 'WidgetCarousel' in 0.0003 seconds. Added 0 classes and 0 folders.
[2018.11.12-16.25.02:484][  0]LogContentBrowser: Native class hierarchy updated for 'AddContentDialog' in 0.0003 seconds. Added 0 classes and 0 folders.
[2018.11.12-16.25.02:503][  0]LogContentBrowser: Native class hierarchy updated for 'SceneOutliner' in 0.0005 seconds. Added 1 classes and 2 folders.
[2018.11.12-16.25.02:530][  0]LogContentBrowser: Native class hierarchy updated for 'WorldBrowser' in 0.0005 seconds. Added 1 classes and 3 folders.
[2018.11.12-16.25.02:632][  0]LogCrashTracker: Crashtracker disabled due to settings.
[2018.11.12-16.25.02:640][  0]LogUObjectGlobals:Warning: Failed to find object 'Class None.'
[2018.11.12-16.25.02:663][  0]LogLoad: Full Startup: 10.45 seconds (BP compile: 0.01 seconds)
[2018.11.12-16.25.02:675][  0]LogOcInput: Can't find Oculus library dev build: is proper Runtime installed? Version: 0.8.0.0
[2018.11.12-16.25.02:738][  0]LogContentStreaming: Texture pool size now 1000 MB
[2018.11.12-16.25.02:875][  0]LogRenderer: Reallocating scene render targets to support 1180x572 (Frame:2).
[2018.11.12-16.25.02:993][  1]LogFileCache: Retrieving MD5 hashes for directory 'C:/Users/Paul/Desktop/University stuff/New Globuloid/Roller 4.10/Content/' took 0.30s
[2018.11.12-16.25.03:009][  1]LogAssetRegistry: Asset discovery search completed in 4.3461 seconds
[2018.11.12-16.25.03:009][  1]LogCollectionManager: Rebuilt the object cache for 0 collections in 0.000001 seconds (found 0 objects)
[2018.11.12-16.25.03:009][  1]LogCollectionManager: Fixed up redirectors for 0 collections in 0.000047 seconds (updated 0 objects)
[2018.11.12-16.25.08:850][688]LogPlayLevel: PlayLevel: No blueprints needed recompiling
[2018.11.12-16.25.08:851][688]PIE: New page: PIE session: Untitled_0 (12 Nov 2018 16:25:08)
[2018.11.12-16.25.08:851][688]LogPlayLevel: Creating play world package: /Temp/UEDPIE_0_Untitled_0
[2018.11.12-16.25.08:851][688]LogPlayLevel: PIE: StaticDuplicateObject took: (0.000419s)
[2018.11.12-16.25.08:851][688]LogAIModule: Creating AISystem for world NewWorld
[2018.11.12-16.25.08:852][688]LogPlayLevel: PIE: World Init took: (0.000442s)
[2018.11.12-16.25.08:852][688]LogPlayLevel: PIE: Created PIE world by copying editor world from /Temp/Untitled_0.NewWorld to /Temp/UEDPIE_0_Untitled_0.NewWorld (0.000989s)
[2018.11.12-16.25.08:882][688]LogInit: XAudio2 using 'Speakers (High Definition Audio Device)' : 2 channels at 48 kHz using 16 bits per sample (channel mask 0x3)
[2018.11.12-16.25.08:892][688]LogInit: FAudioDevice initialized.
[2018.11.12-16.25.08:941][688]LogLinker:Warning: Asset '../../../../../../Users/Paul/Desktop/University stuff/New Globuloid/Roller 4.10/Content/RollerGameMode.uasset' has been saved with empty engine version. The asset will be loaded but may be incompatible.
[2018.11.12-16.25.08:949][688]LogLinker:Warning: Asset '../../../../../../Users/Paul/Desktop/University stuff/New Globuloid/Roller 4.10/Content/Textures/CoinTex.uasset' has been saved with empty engine version. The asset will be loaded but may be incompatible.
[2018.11.12-16.25.08:966][688]LogLinker:Warning: CreateExport: Failed to load Parent for Function /Game/Objects/Coin_Super.Coin_Super_C:UserConstructionScript; removing parent information, but keeping function
[2018.11.12-16.25.08:980][688]LogLinker:Warning: CreateExport: Failed to load Parent for Function /Game/Objects/Crate_Black.Crate_Black_C:UserConstructionScript; removing parent information, but keeping function
[2018.11.12-16.25.08:986][688]LogLinker:Warning: CreateExport: Failed to load Parent for Function /Game/Objects/Crate_Blue.Crate_Blue_C:UserConstructionScript; removing parent information, but keeping function
[2018.11.12-16.25.08:993][688]LogLinker:Warning: CreateExport: Failed to load Parent for Function /Game/Objects/Crate_Gold.Crate_Gold_C:UserConstructionScript; removing parent information, but keeping function
[2018.11.12-16.25.09:000][688]LogLinker:Warning: CreateExport: Failed to load Parent for Function /Game/Objects/Crate_Green.Crate_Green_C:UserConstructionScript; removing parent information, but keeping function
[2018.11.12-16.25.09:009][688]LogLinker:Warning: CreateExport: Failed to load Parent for Function /Game/Objects/Crate_Red.Crate_Red_C:UserConstructionScript; removing parent information, but keeping function
[2018.11.12-16.25.09:021][688]LogLinker:Warning: CreateExport: Failed to load Parent for Function /Game/Objects/Door_Blue.Door_Blue_C:UserConstructionScript; removing parent information, but keeping function
[2018.11.12-16.25.09:027][688]LogLinker:Warning: CreateExport: Failed to load Parent for Function /Game/Objects/Door_Green.Door_Green_C:UserConstructionScript; removing parent information, but keeping function
[2018.11.12-16.25.09:033][688]LogLinker:Warning: CreateExport: Failed to load Parent for Function /Game/Objects/Door_Red.Door_Red_C:UserConstructionScript; removing parent information, but keeping function
[2018.11.12-16.25.09:260][688]LogWorld: Game class is 'RollerGameMode_C'
[2018.11.12-16.25.09:263][688]LogWorld: Bringing World /Temp/UEDPIE_0_Untitled_0.NewWorld up for play (max tick rate 0) at 2018.11.12-16.25.09
[2018.11.12-16.25.09:263][688]LogActor:Warning: GameSession /Temp/UEDPIE_0_Untitled_0.NewWorld:PersistentLevel.GameSession_0 has natively added scene component(s), but none of them were set as the actor's RootComponent - picking one arbitrarily
[2018.11.12-16.25.09:263][688]LogActor:Warning: GameNetworkManager /Temp/UEDPIE_0_Untitled_0.NewWorld:PersistentLevel.GameNetworkManager_0 has natively added scene component(s), but none of them were set as the actor's RootComponent - picking one arbitrarily
[2018.11.12-16.25.09:263][688]LogWorld: Bringing up level for play took: 0.000896
[2018.11.12-16.25.09:266][688]PIE: Info Play in editor start time for /Temp/UEDPIE_0_Untitled_0 1.104
[2018.11.12-16.25.09:314][690]LogStreaming:Warning: Failed to open ANSI TEXT file C:/Users/Paul/Desktop/University stuff/New Globuloid/Roller 4.10/Saved/HardwareSurvey/dxdiag.txt
[2018.11.12-16.25.09:334][691]LogSynthBenchmark:Display: FSynthBenchmark (V0.95):  requested WorkScale=1.00
[2018.11.12-16.25.09:334][691]LogSynthBenchmark:Display: ===============
[2018.11.12-16.25.09:334][691]LogSynthBenchmark:Display: Main Processor:
[2018.11.12-16.25.09:371][691]LogSynthBenchmark:Display:          ... 0.020565 s/Run 'RayIntersect'
[2018.11.12-16.25.09:371][691]LogSynthBenchmark:Display:          ... 0.016751 s/Run 'Fractal'
[2018.11.12-16.25.09:371][691]LogSynthBenchmark:Display: 
[2018.11.12-16.25.09:371][691]LogSynthBenchmark:Display:   CompiledTarget_x_Bits: 64
[2018.11.12-16.25.09:371][691]LogSynthBenchmark:Display:   UE_BUILD_SHIPPING: 0
[2018.11.12-16.25.09:371][691]LogSynthBenchmark:Display:   UE_BUILD_TEST: 0
[2018.11.12-16.25.09:371][691]LogSynthBenchmark:Display:   UE_BUILD_DEBUG: 0
[2018.11.12-16.25.09:371][691]LogSynthBenchmark:Display:   TotalPhysicalGBRam: 8
[2018.11.12-16.25.09:371][691]LogSynthBenchmark:Display:   NumberOfCores (physical): 4
[2018.11.12-16.25.09:371][691]LogSynthBenchmark:Display:   NumberOfCores (logical): 8
[2018.11.12-16.25.09:371][691]LogSynthBenchmark:Display:   CPU Perf Index 0: 124.5
[2018.11.12-16.25.09:371][691]LogSynthBenchmark:Display:   CPU Perf Index 1: 170.7
[2018.11.12-16.25.09:371][691]LogSynthBenchmark:Display:  
[2018.11.12-16.25.09:371][691]LogSynthBenchmark:Display: Graphics:
[2018.11.12-16.25.09:371][691]LogSynthBenchmark:Display:   Adapter Name: 'NVIDIA GeForce GTX 980'
[2018.11.12-16.25.09:371][691]LogSynthBenchmark:Display:   (On Optimus the name might be wrong, memory should be ok)
[2018.11.12-16.25.09:371][691]LogSynthBenchmark:Display:   Vendor Id: 0x10de
[2018.11.12-16.25.09:371][691]LogSynthBenchmark:Display:   GPU Memory: 4054/0/4067 MB
[2018.11.12-16.25.09:371][691]LogSynthBenchmark:Display:   CPUIndex: 124.5
[2018.11.12-16.25.09:371][691]LogSynthBenchmark:Display:   GPUIndex: -nan(ind)
[2018.11.12-16.25.09:371][691]LogSynthBenchmark:Display: 
[2018.11.12-16.25.09:371][691]LogSynthBenchmark:Display:          ... Total Time: 0.037589 sec
[2018.11.12-16.25.09:929][733]LogPackageName: SearchForPackageOnDisk took   0.186s, but failed to resolve Untitled_0.umap.
[2018.11.12-16.25.09:929][733]LogLevel:Warning: WARNING: The map '/Game/RollerMap' does not exist.
[2018.11.12-16.25.10:109][734]LogPackageName: SearchForPackageOnDisk took   0.176s, but failed to resolve Untitled_0.umap.
[2018.11.12-16.25.10:109][734]LogNet: Browse: /Game/RollerMap
[2018.11.12-16.25.10:109][734]LogNet:Warning: Travel Failure: [InvalidURL]: Invalid URL: /Game/RollerMap
[2018.11.12-16.25.10:109][734]LogNet:Warning: TravelFailure: InvalidURL, Reason for Failure: 'Invalid URL: /Game/RollerMap'. Shutting down PIE.
[2018.11.12-16.25.10:109][734]PIE:Warning: Warning TravelFailure: InvalidURL, Reason for Failure: 'Invalid URL: /Game/RollerMap'. Shutting down PIE.
[2018.11.12-16.25.10:109][734]LogNet:Warning: Travel Failure: [ClientTravelFailure]: Invalid URL: /Game/RollerMap
[2018.11.12-16.25.10:109][734]LogNet:Warning: TravelFailure: ClientTravelFailure, Reason for Failure: 'Invalid URL: /Game/RollerMap'. Shutting down PIE.
[2018.11.12-16.25.10:109][734]PIE:Warning: Warning TravelFailure: ClientTravelFailure, Reason for Failure: 'Invalid URL: /Game/RollerMap'. Shutting down PIE.
[2018.11.12-16.25.10:162][734]LogParticles: Destroying 0 GPU particle simulations for FXSystem 0x000001E5F0CB6020
[2018.11.12-16.25.24:803][480]LogPlayLevel: PlayLevel: No blueprints needed recompiling
[2018.11.12-16.25.24:803][480]PIE: New page: PIE session: Untitled_0 (12 Nov 2018 16:25:24)
[2018.11.12-16.25.24:803][480]LogPlayLevel: Creating play world package: /Temp/UEDPIE_0_Untitled_0
[2018.11.12-16.25.24:804][480]LogPlayLevel: PIE: StaticDuplicateObject took: (0.000322s)
[2018.11.12-16.25.24:804][480]LogAIModule: Creating AISystem for world NewWorld
[2018.11.12-16.25.24:804][480]LogPlayLevel: PIE: World Init took: (0.000425s)
[2018.11.12-16.25.24:804][480]LogPlayLevel: PIE: Created PIE world by copying editor world from /Temp/Untitled_0.NewWorld to /Temp/UEDPIE_0_Untitled_0.NewWorld (0.000863s)
[2018.11.12-16.25.24:831][480]LogInit: XAudio2 using 'Speakers (High Definition Audio Device)' : 2 channels at 48 kHz using 16 bits per sample (channel mask 0x3)
[2018.11.12-16.25.24:841][480]LogInit: FAudioDevice initialized.
[2018.11.12-16.25.24:871][480]LogWorld: Game class is 'RollerGameMode_C'
[2018.11.12-16.25.24:872][480]LogWorld: Bringing World /Temp/UEDPIE_0_Untitled_0.NewWorld up for play (max tick rate 0) at 2018.11.12-16.25.24
[2018.11.12-16.25.24:872][480]LogActor:Warning: GameSession /Temp/UEDPIE_0_Untitled_0.NewWorld:PersistentLevel.GameSession_1 has natively added scene component(s), but none of them were set as the actor's RootComponent - picking one arbitrarily
[2018.11.12-16.25.24:872][480]LogActor:Warning: GameNetworkManager /Temp/UEDPIE_0_Untitled_0.NewWorld:PersistentLevel.GameNetworkManager_1 has natively added scene component(s), but none of them were set as the actor's RootComponent - picking one arbitrarily
[2018.11.12-16.25.24:873][480]LogWorld: Bringing up level for play took: 0.000711
[2018.11.12-16.25.24:874][480]PIE: Info Play in editor start time for /Temp/UEDPIE_0_Untitled_0 0.712
[2018.11.12-16.25.26:502][654]LogPackageName: SearchForPackageOnDisk took   0.181s, but failed to resolve Untitled_0.umap.
[2018.11.12-16.25.26:502][654]LogLevel:Warning: WARNING: The map '/Game/RollerMap' does not exist.
[2018.11.12-16.25.26:680][655]LogPackageName: SearchForPackageOnDisk took   0.174s, but failed to resolve Untitled_0.umap.
[2018.11.12-16.25.26:680][655]LogNet: Browse: /Game/RollerMap
[2018.11.12-16.25.26:680][655]LogNet:Warning: Travel Failure: [InvalidURL]: Invalid URL: /Game/RollerMap
[2018.11.12-16.25.26:680][655]LogNet:Warning: TravelFailure: InvalidURL, Reason for Failure: 'Invalid URL: /Game/RollerMap'. Shutting down PIE.
[2018.11.12-16.25.26:680][655]PIE:Warning: Warning TravelFailure: InvalidURL, Reason for Failure: 'Invalid URL: /Game/RollerMap'. Shutting down PIE.
[2018.11.12-16.25.26:680][655]LogNet:Warning: Travel Failure: [ClientTravelFailure]: Invalid URL: /Game/RollerMap
[2018.11.12-16.25.26:681][655]LogNet:Warning: TravelFailure: ClientTravelFailure, Reason for Failure: 'Invalid URL: /Game/RollerMap'. Shutting down PIE.
[2018.11.12-16.25.26:681][655]PIE:Warning: Warning TravelFailure: ClientTravelFailure, Reason for Failure: 'Invalid URL: /Game/RollerMap'. Shutting down PIE.
[2018.11.12-16.25.26:728][655]LogParticles: Destroying 0 GPU particle simulations for FXSystem 0x000001E5FCFF4220
[2018.11.12-16.25.26:983][682]LogEditorViewport: Clicking Background
[2018.11.12-16.25.28:806][895]LogAIModule: Creating AISystem for world MainMenuMap
[2018.11.12-16.25.28:824][895]Cmd: MAP LOAD FILE="../../../../../../Users/Paul/Desktop/University stuff/New Globuloid/Roller 4.10/Content/Maps/MainMenuMap.umap" TEMPLATE=0 SHOWPROGRESS=1 FEATURELEVEL=3
[2018.11.12-16.25.28:824][895]LightingResults: New page: Lighting Build
[2018.11.12-16.25.28:828][895]LogContentBrowser: Native class hierarchy updated for 'StatsViewer' in 0.0003 seconds. Added 5 classes and 0 folders.
[2018.11.12-16.25.28:849][895]LoadErrors: New page: Loading map: MainMenuMap.umap
[2018.11.12-16.25.28:849][895]MapCheck: New page: Map Check
[2018.11.12-16.25.28:849][895]LightingResults: New page: Lighting Build
[2018.11.12-16.25.28:856][895]LogParticles: Destroying 0 GPU particle simulations for FXSystem 0x000001E5D871FB00
[2018.11.12-16.25.28:877][895]LogEditorServer: Finished looking for orphan Actors (0.000 secs)
[2018.11.12-16.25.28:895][895]Cmd: MAP CHECKDEP NOCLEARLOG
[2018.11.12-16.25.28:968][895]MapCheck: Info Map check complete: 0 Error(s), 0 Warning(s), took 72.914ms to complete.
[2018.11.12-16.25.28:968][895]LogFileHelpers: Loading map 'MainMenuMap' took 0.144
[2018.11.12-16.25.30:491][ 73]LogPlayLevel: PlayLevel: No blueprints needed recompiling
[2018.11.12-16.25.30:491][ 73]PIE: New page: PIE session: MainMenuMap (12 Nov 2018 16:25:30)
[2018.11.12-16.25.30:491][ 73]LogPlayLevel: Creating play world package: /Game/Maps/UEDPIE_0_MainMenuMap
[2018.11.12-16.25.30:491][ 73]LogPlayLevel: PIE: StaticDuplicateObject took: (0.000375s)
[2018.11.12-16.25.30:492][ 73]LogAIModule: Creating AISystem for world MainMenuMap
[2018.11.12-16.25.30:492][ 73]LogPlayLevel: PIE: World Init took: (0.000428s)
[2018.11.12-16.25.30:492][ 73]LogPlayLevel: PIE: Created PIE world by copying editor world from /Game/Maps/MainMenuMap.MainMenuMap to /Game/Maps/UEDPIE_0_MainMenuMap.MainMenuMap (0.000923s)
[2018.11.12-16.25.30:519][ 73]LogInit: XAudio2 using 'Speakers (High Definition Audio Device)' : 2 channels at 48 kHz using 16 bits per sample (channel mask 0x3)
[2018.11.12-16.25.30:528][ 73]LogInit: FAudioDevice initialized.
[2018.11.12-16.25.30:559][ 73]LogWorld: Game class is 'RollerGameMode_C'
[2018.11.12-16.25.30:560][ 73]LogWorld: Bringing World /Game/Maps/UEDPIE_0_MainMenuMap.MainMenuMap up for play (max tick rate 0) at 2018.11.12-16.25.30
[2018.11.12-16.25.30:561][ 73]LogActor:Warning: GameSession /Game/Maps/UEDPIE_0_MainMenuMap.MainMenuMap:PersistentLevel.GameSession_2 has natively added scene component(s), but none of them were set as the actor's RootComponent - picking one arbitrarily
[2018.11.12-16.25.30:561][ 73]LogActor:Warning: GameNetworkManager /Game/Maps/UEDPIE_0_MainMenuMap.MainMenuMap:PersistentLevel.GameNetworkManager_2 has natively added scene component(s), but none of them were set as the actor's RootComponent - picking one arbitrarily
[2018.11.12-16.25.30:561][ 73]LogWorld: Bringing up level for play took: 0.000760
[2018.11.12-16.25.30:562][ 73]PIE: Info Play in editor start time for /Game/Maps/UEDPIE_0_MainMenuMap 0.401
[2018.11.12-16.25.32:328][264]LogPackageName: SearchForPackageOnDisk took   0.171s to resolve MapOne.umap.
[2018.11.12-16.25.32:500][264]LogPackageName: SearchForPackageOnDisk took   0.171s to resolve MapOne.umap.
[2018.11.12-16.25.32:500][264]LogNet: Browse: /Game/Maps/MapOne
[2018.11.12-16.25.32:500][264]LogLoad: LoadMap: /Game/Maps/MapOne
[2018.11.12-16.25.32:508][264]LogParticles: Destroying 0 GPU particle simulations for FXSystem 0x000001E5F9C323E0
[2018.11.12-16.25.32:509][264]Cmd: MEM
[2018.11.12-16.25.32:516][264]LogMemory: Platform Memory Stats for Windows
[2018.11.12-16.25.32:516][264]LogMemory: Process Physical Memory: 638.49 MB used, 648.03 MB peak
[2018.11.12-16.25.32:516][264]LogMemory: Process Virtual Memory: 1125.89 MB used, 1136.18 MB peak
[2018.11.12-16.25.32:516][264]LogMemory: Physical Memory: 4434.20 MB used, 8133.75 MB total
[2018.11.12-16.25.32:516][264]LogMemory: Virtual Memory: 6009.95 MB used, 134217728.00 MB total
[2018.11.12-16.25.32:516][264]LogMemory: 
[2018.11.12-16.25.32:516][264]Allocator Stats for TBB: (not implemented)
[2018.11.12-16.25.32:629][264]LogLinker:Warning: CreateExport: Failed to load Parent for Function /Game/Objects/Crate_Gold_One.Crate_Gold_One_C:UserConstructionScript; removing parent information, but keeping function
[2018.11.12-16.25.32:972][264]LogAIModule: Creating AISystem for world MapOne
[2018.11.12-16.25.32:973][264]LogWorld: Game class is 'RollerGameMode_C'
[2018.11.12-16.25.33:013][264]LogWorld: Bringing World /Game/Maps/UEDPIE_0_MapOne.MapOne up for play (max tick rate 0) at 2018.11.12-16.25.33
[2018.11.12-16.25.33:013][264]LogActor:Warning: GameSession /Game/Maps/UEDPIE_0_MapOne.MapOne:PersistentLevel.GameSession_3 has natively added scene component(s), but none of them were set as the actor's RootComponent - picking one arbitrarily
[2018.11.12-16.25.33:013][264]LogActor:Warning: GameNetworkManager /Game/Maps/UEDPIE_0_MapOne.MapOne:PersistentLevel.GameNetworkManager_3 has natively added scene component(s), but none of them were set as the actor's RootComponent - picking one arbitrarily
[2018.11.12-16.25.33:016][264]LogWorld: Bringing up level for play took: 0.042293
[2018.11.12-16.25.33:016][264]LogGameMode: Warning - PATHS NOT DEFINED or NO PLAYERSTART with positive rating
[2018.11.12-16.26.24:003][351]LogPackageName: SearchForPackageOnDisk took   0.172s to resolve MainMenuMap.umap.
[2018.11.12-16.26.24:178][352]LogPackageName: SearchForPackageOnDisk took   0.172s to resolve MainMenuMap.umap.
[2018.11.12-16.26.24:178][352]LogNet: Browse: /Game/Maps/MainMenuMap
[2018.11.12-16.26.24:178][352]LogLoad: LoadMap: /Game/Maps/MainMenuMap
[2018.11.12-16.26.24:192][352]LogParticles: Destroying 0 GPU particle simulations for FXSystem 0x000001E58421ED40
[2018.11.12-16.26.24:197][352]Cmd: MEM
[2018.11.12-16.26.24:205][352]LogMemory: Platform Memory Stats for Windows
[2018.11.12-16.26.24:205][352]LogMemory: Process Physical Memory: 709.64 MB used, 735.91 MB peak
[2018.11.12-16.26.24:205][352]LogMemory: Process Virtual Memory: 1210.05 MB used, 1278.75 MB peak
[2018.11.12-16.26.24:205][352]LogMemory: Physical Memory: 4446.56 MB used, 8133.75 MB total
[2018.11.12-16.26.24:205][352]LogMemory: Virtual Memory: 6099.08 MB used, 134217728.00 MB total
[2018.11.12-16.26.24:205][352]LogMemory: 
[2018.11.12-16.26.24:205][352]Allocator Stats for TBB: (not implemented)
[2018.11.12-16.26.24:205][352]LogPlayLevel: Creating play world package: /Game/Maps/UEDPIE_0_MainMenuMap
[2018.11.12-16.26.24:206][352]LogPlayLevel: PIE: StaticDuplicateObject took: (0.000409s)
[2018.11.12-16.26.24:206][352]LogAIModule: Creating AISystem for world MainMenuMap
[2018.11.12-16.26.24:206][352]LogPlayLevel: PIE: World Init took: (0.000445s)
[2018.11.12-16.26.24:206][352]LogPlayLevel: PIE: Created PIE world by copying editor world from /Game/Maps/MainMenuMap.MainMenuMap to /Game/Maps/UEDPIE_0_MainMenuMap.MainMenuMap (0.000971s)
[2018.11.12-16.26.24:206][352]LogWorld: Game class is 'RollerGameMode_C'
[2018.11.12-16.26.24:208][352]LogWorld: Bringing World /Game/Maps/UEDPIE_0_MainMenuMap.MainMenuMap up for play (max tick rate 0) at 2018.11.12-16.26.24
[2018.11.12-16.26.24:208][352]LogActor:Warning: GameSession /Game/Maps/UEDPIE_0_MainMenuMap.MainMenuMap:PersistentLevel.GameSession_4 has natively added scene component(s), but none of them were set as the actor's RootComponent - picking one arbitrarily
[2018.11.12-16.26.24:209][352]LogActor:Warning: GameNetworkManager /Game/Maps/UEDPIE_0_MainMenuMap.MainMenuMap:PersistentLevel.GameNetworkManager_4 has natively added scene component(s), but none of them were set as the actor's RootComponent - picking one arbitrarily
[2018.11.12-16.26.24:209][352]LogWorld: Bringing up level for play took: 0.001643
[2018.11.12-16.26.24:209][352]LogGameMode: Warning - PATHS NOT DEFINED or NO PLAYERSTART with positive rating
[2018.11.12-16.26.25:489][476]LogPackageName: SearchForPackageOnDisk took   0.171s to resolve MapTwo.umap.
[2018.11.12-16.26.25:661][476]LogPackageName: SearchForPackageOnDisk took   0.171s to resolve MapTwo.umap.
[2018.11.12-16.26.25:661][476]LogNet: Browse: /Game/Maps/MapTwo
[2018.11.12-16.26.25:661][476]LogLoad: LoadMap: /Game/Maps/MapTwo
[2018.11.12-16.26.25:670][476]LogParticles: Destroying 0 GPU particle simulations for FXSystem 0x000001E58AEDA200
[2018.11.12-16.26.25:671][476]Cmd: MEM
[2018.11.12-16.26.25:678][476]LogMemory: Platform Memory Stats for Windows
[2018.11.12-16.26.25:678][476]LogMemory: Process Physical Memory: 707.91 MB used, 735.91 MB peak
[2018.11.12-16.26.25:678][476]LogMemory: Process Virtual Memory: 1271.79 MB used, 1278.75 MB peak
[2018.11.12-16.26.25:678][476]LogMemory: Physical Memory: 4446.51 MB used, 8133.75 MB total
[2018.11.12-16.26.25:678][476]LogMemory: Virtual Memory: 6160.77 MB used, 134217728.00 MB total
[2018.11.12-16.26.25:678][476]LogMemory: 
[2018.11.12-16.26.25:678][476]Allocator Stats for TBB: (not implemented)
[2018.11.12-16.26.25:692][476]LogLinker:Warning: Asset '../../../../../../Users/Paul/Desktop/University stuff/New Globuloid/Roller 4.10/Content/Textures/CoinTex.uasset' has been saved with empty engine version. The asset will be loaded but may be incompatible.
[2018.11.12-16.26.25:762][476]LogAIModule: Creating AISystem for world MapTwo
[2018.11.12-16.26.25:763][476]LogWorld: Game class is 'RollerGameMode_C'
[2018.11.12-16.26.25:773][476]LogWorld: Bringing World /Game/Maps/UEDPIE_0_MapTwo.MapTwo up for play (max tick rate 0) at 2018.11.12-16.26.25
[2018.11.12-16.26.25:773][476]LogActor:Warning: GameSession /Game/Maps/UEDPIE_0_MapTwo.MapTwo:PersistentLevel.GameSession_5 has natively added scene component(s), but none of them were set as the actor's RootComponent - picking one arbitrarily
[2018.11.12-16.26.25:773][476]LogActor:Warning: GameNetworkManager /Game/Maps/UEDPIE_0_MapTwo.MapTwo:PersistentLevel.GameNetworkManager_5 has natively added scene component(s), but none of them were set as the actor's RootComponent - picking one arbitrarily
[2018.11.12-16.26.25:774][476]LogWorld: Bringing up level for play took: 0.010338
[2018.11.12-16.26.59:565][501]LogPackageName: SearchForPackageOnDisk took   0.172s to resolve MapTwo.umap.
[2018.11.12-16.26.59:740][502]LogPackageName: SearchForPackageOnDisk took   0.171s to resolve MapTwo.umap.
[2018.11.12-16.26.59:740][502]LogNet: Browse: /Game/Maps/MapTwo
[2018.11.12-16.26.59:740][502]LogLoad: LoadMap: /Game/Maps/MapTwo
[2018.11.12-16.26.59:750][502]LogParticles: Destroying 0 GPU particle simulations for FXSystem 0x000001E5DB66A0C0
[2018.11.12-16.26.59:752][502]Cmd: MEM
[2018.11.12-16.26.59:759][502]LogMemory: Platform Memory Stats for Windows
[2018.11.12-16.26.59:759][502]LogMemory: Process Physical Memory: 702.22 MB used, 735.91 MB peak
[2018.11.12-16.26.59:759][502]LogMemory: Process Virtual Memory: 1208.48 MB used, 1284.12 MB peak
[2018.11.12-16.26.59:759][502]LogMemory: Physical Memory: 4094.39 MB used, 8133.75 MB total
[2018.11.12-16.26.59:759][502]LogMemory: Virtual Memory: 6136.77 MB used, 134217728.00 MB total
[2018.11.12-16.26.59:759][502]LogMemory: 
[2018.11.12-16.26.59:759][502]Allocator Stats for TBB: (not implemented)
[2018.11.12-16.26.59:773][502]LogLinker:Warning: Asset '../../../../../../Users/Paul/Desktop/University stuff/New Globuloid/Roller 4.10/Content/Textures/CoinTex.uasset' has been saved with empty engine version. The asset will be loaded but may be incompatible.
[2018.11.12-16.26.59:829][502]LogAIModule: Creating AISystem for world MapTwo
[2018.11.12-16.26.59:830][502]LogWorld: Game class is 'RollerGameMode_C'
[2018.11.12-16.26.59:840][502]LogWorld: Bringing World /Game/Maps/UEDPIE_0_MapTwo.MapTwo up for play (max tick rate 0) at 2018.11.12-16.26.59
[2018.11.12-16.26.59:840][502]LogActor:Warning: GameSession /Game/Maps/UEDPIE_0_MapTwo.MapTwo:PersistentLevel.GameSession_6 has natively added scene component(s), but none of them were set as the actor's RootComponent - picking one arbitrarily
[2018.11.12-16.26.59:840][502]LogActor:Warning: GameNetworkManager /Game/Maps/UEDPIE_0_MapTwo.MapTwo:PersistentLevel.GameNetworkManager_6 has natively added scene component(s), but none of them were set as the actor's RootComponent - picking one arbitrarily
[2018.11.12-16.26.59:841][502]LogWorld: Bringing up level for play took: 0.010345
[2018.11.12-16.27.10:628][781]LogWindowsTextInputMethodSystem:Display: IME system now deactivated.
[2018.11.12-16.27.10:729][781]LogParticles: Destroying 0 GPU particle simulations for FXSystem 0x000001E5842B96C0
[2018.11.12-16.27.10:842][782]Cmd: QUIT_EDITOR
[2018.11.12-16.27.13:961][782]LogExit: Preparing to exit.
[2018.11.12-16.27.14:630][782]LogExit: Editor shut down
[2018.11.12-16.27.14:631][782]LogExit: Transaction tracking system shut down
[2018.11.12-16.27.14:631][782]LogParticles: Destroying 0 GPU particle simulations for FXSystem 0x000001E5CCDF8AE0
[2018.11.12-16.27.14:631][782]LogParticles: Destroying 0 GPU particle simulations for FXSystem 0x000001E5F0CB7CE0
[2018.11.12-16.27.14:632][782]LogParticles: Destroying 0 GPU particle simulations for FXSystem 0x000001E5C097E5C0
[2018.11.12-16.27.14:632][782]LogParticles: Destroying 0 GPU particle simulations for FXSystem 0x000001E5CD24B560
[2018.11.12-16.27.14:731][782]LogExit: Object subsystem successfully closed.
[2018.11.12-16.27.14:740][782]LogD3D11RHI: Shutdown
[2018.11.12-16.27.14:740][782]LogD3D11RHI: CleanupD3DDevice
[2018.11.12-16.27.14:783][782]LogD3D11RHI: ~FD3D11DynamicRHI
[2018.11.12-16.27.14:802][782]LogModuleManager: Shutting down and abandoning module StatsViewer (200)
[2018.11.12-16.27.14:802][782]LogModuleManager: Shutting down and abandoning module SynthBenchmark (199)
[2018.11.12-16.27.14:802][782]LogModuleManager: Shutting down and abandoning module CrashTracker (198)
[2018.11.12-16.27.14:802][782]LogModuleManager: Shutting down and abandoning module WorldBrowser (197)
[2018.11.12-16.27.14:802][782]LogModuleManager: Shutting down and abandoning module SceneOutliner (196)
[2018.11.12-16.27.14:802][782]LogModuleManager: Shutting down and abandoning module SuperSearch (195)
[2018.11.12-16.27.14:802][782]LogModuleManager: Shutting down and abandoning module WidgetCarousel (194)
[2018.11.12-16.27.14:802][782]LogModuleManager: Shutting down and abandoning module AddContentDialog (193)
[2018.11.12-16.27.14:803][782]LogModuleManager: Shutting down and abandoning module EditorWidgets (192)
[2018.11.12-16.27.14:803][782]LogModuleManager: Shutting down and abandoning module CollectionManager (191)
[2018.11.12-16.27.14:803][782]LogModuleManager: Shutting down and abandoning module FoliageEdit (190)
[2018.11.12-16.27.14:803][782]LogModuleManager: Shutting down and abandoning module LandscapeEditor (189)
[2018.11.12-16.27.14:803][782]LogModuleManager: Shutting down and abandoning module ActorPickerMode (188)
[2018.11.12-16.27.14:803][782]LogModuleManager: Shutting down and abandoning module GeometryMode (187)
[2018.11.12-16.27.14:803][782]LogModuleManager: Shutting down and abandoning module TextureAlignMode (186)
[2018.11.12-16.27.14:803][782]LogModuleManager: Shutting down and abandoning module BspMode (185)
[2018.11.12-16.27.14:803][782]LogModuleManager: Shutting down and abandoning module PlacementMode (184)
[2018.11.12-16.27.14:803][782]LogModuleManager: Shutting down and abandoning module AutomationWorker (183)
[2018.11.12-16.27.14:803][782]LogModuleManager: Shutting down and abandoning module CharacterAI (182)
[2018.11.12-16.27.14:803][782]LogModuleManager: Shutting down and abandoning module SmartSnapping (181)
[2018.11.12-16.27.14:803][782]LogModuleManager: Shutting down and abandoning module ViewportSnapping (180)
[2018.11.12-16.27.14:803][782]LogModuleManager: Shutting down and abandoning module LogVisualizer (179)
[2018.11.12-16.27.14:804][782]LogModuleManager: Shutting down and abandoning module GameProjectGeneration (178)
[2018.11.12-16.27.14:804][782]LogModuleManager: Shutting down and abandoning module IntroTutorials (177)
[2018.11.12-16.27.14:804][782]LogModuleManager: Shutting down and abandoning module EditorLiveStreaming (176)
[2018.11.12-16.27.14:804][782]LogModuleManager: Shutting down and abandoning module IOSPlatformEditor (175)
[2018.11.12-16.27.14:804][782]LogModuleManager: Shutting down and abandoning module HTML5PlatformEditor (174)
[2018.11.12-16.27.14:804][782]LogModuleManager: Shutting down and abandoning module AndroidDeviceDetection (173)
[2018.11.12-16.27.15:688][782]LogModuleManager: Shutting down and abandoning module AndroidPlatformEditor (172)
[2018.11.12-16.27.15:688][782]LogModuleManager: Shutting down and abandoning module IOSRuntimeSettings (171)
[2018.11.12-16.27.15:688][782]LogModuleManager: Shutting down and abandoning module AndroidRuntimeSettings (170)
[2018.11.12-16.27.15:688][782]LogModuleManager: Shutting down and abandoning module MergeActors (169)
[2018.11.12-16.27.15:688][782]LogModuleManager: Shutting down and abandoning module SizeMap (168)
[2018.11.12-16.27.15:688][782]LogModuleManager: Shutting down and abandoning module TreeMap (167)
[2018.11.12-16.27.15:688][782]LogModuleManager: Shutting down and abandoning module ReferenceViewer (166)
[2018.11.12-16.27.15:688][782]LogModuleManager: Shutting down and abandoning module LocalizationService (165)
[2018.11.12-16.27.15:688][782]LogModuleManager: Shutting down and abandoning module LocalizationDashboard (164)
[2018.11.12-16.27.15:688][782]LogModuleManager: Shutting down and abandoning module HardwareTargeting (163)
[2018.11.12-16.27.15:688][782]LogModuleManager: Shutting down and abandoning module DeviceProfileEditor (162)
[2018.11.12-16.27.15:688][782]LogModuleManager: Shutting down and abandoning module UndoHistory (161)
[2018.11.12-16.27.15:688][782]LogModuleManager: Shutting down and abandoning module GameplayTagsEditor (160)
[2018.11.12-16.27.15:688][782]LogModuleManager: Shutting down and abandoning module UserFeedback (159)
[2018.11.12-16.27.15:688][782]LogModuleManager: Shutting down and abandoning module XmlParser (158)
[2018.11.12-16.27.15:688][782]LogModuleManager: Shutting down and abandoning module Blutility (157)
[2018.11.12-16.27.15:688][782]LogModuleManager: Shutting down and abandoning module ProjectTargetPlatformEditor (156)
[2018.11.12-16.27.15:688][782]LogModuleManager: Shutting down and abandoning module ProjectSettingsViewer (155)
[2018.11.12-16.27.15:688][782]LogModuleManager: Shutting down and abandoning module InputBindingEditor (154)
[2018.11.12-16.27.15:688][782]LogModuleManager: Shutting down and abandoning module EditorSettingsViewer (153)
[2018.11.12-16.27.15:688][782]LogModuleManager: Shutting down and abandoning module SettingsEditor (152)
[2018.11.12-16.27.15:689][782]LogModuleManager: Shutting down and abandoning module ProjectLauncher (151)
[2018.11.12-16.27.15:689][782]LogModuleManager: Shutting down and abandoning module SessionFrontend (150)
[2018.11.12-16.27.15:689][782]LogModuleManager: Shutting down and abandoning module ProfilerClient (149)
[2018.11.12-16.27.15:689][782]LogModuleManager: Shutting down and abandoning module TargetDeviceServices (148)
[2018.11.12-16.27.15:689][782]LogModuleManager: Shutting down and abandoning module DeviceManager (147)
[2018.11.12-16.27.15:689][782]LogModuleManager: Shutting down and abandoning module AutomationController (146)
[2018.11.12-16.27.15:689][782]LogModuleManager: Shutting down and abandoning module AutomationWindow (145)
[2018.11.12-16.27.15:689][782]LogModuleManager: Shutting down and abandoning module Layers (144)
[2018.11.12-16.27.15:689][782]LogModuleManager: Shutting down and abandoning module ComponentVisualizers (143)
[2018.11.12-16.27.15:689][782]LogModuleManager: Shutting down and abandoning module DetailCustomizations (142)
[2018.11.12-16.27.15:689][782]LogModuleManager: Shutting down and abandoning module PackagesDialog (141)
[2018.11.12-16.27.15:689][782]LogModuleManager: Shutting down and abandoning module Persona (140)
[2018.11.12-16.27.15:689][782]LogModuleManager: Shutting down and abandoning module Kismet (139)
[2018.11.12-16.27.15:689][782]LogModuleManager: Shutting down and abandoning module GraphEditor (138)
[2018.11.12-16.27.15:689][782]LogModuleManager: Shutting down and abandoning module ClassViewer (137)
[2018.11.12-16.27.15:689][782]LogModuleManager: Shutting down and abandoning module Toolbox (136)
[2018.11.12-16.27.15:689][782]LogModuleManager: Shutting down and abandoning module ModuleUI (135)
[2018.11.12-16.27.15:689][782]LogModuleManager: Shutting down and abandoning module MovieSceneTools (134)
[2018.11.12-16.27.15:689][782]LogModuleManager: Shutting down and abandoning module OutputLog (133)
[2018.11.12-16.27.15:689][782]LogModuleManager: Shutting down and abandoning module GammaUI (132)
[2018.11.12-16.27.15:689][782]LogModuleManager: Shutting down and abandoning module Documentation (131)
[2018.11.12-16.27.15:689][782]LogModuleManager: Shutting down and abandoning module GameLiveStreaming (130)
[2018.11.12-16.27.15:689][782]LogModuleManager: Shutting down and abandoning module StreamingPauseRendering (129)
[2018.11.12-16.27.15:689][782]LogModuleManager: Shutting down and abandoning module AnalyticsET (128)
[2018.11.12-16.27.15:689][782]LogModuleManager: Shutting down and abandoning module Analytics (127)
[2018.11.12-16.27.15:689][782]LogModuleManager: Shutting down and abandoning module AITestSuite (126)
[2018.11.12-16.27.15:689][782]LogModuleManager: Shutting down and abandoning module GameplayDebugger (125)
[2018.11.12-16.27.15:689][782]LogModuleManager: Shutting down and abandoning module AIModule (124)
[2018.11.12-16.27.15:689][782]LogModuleManager: Shutting down and abandoning module ProfilerService (123)
[2018.11.12-16.27.15:784][782]LogModuleManager: Shutting down and abandoning module TaskGraph (122)
[2018.11.12-16.27.15:784][782]LogModuleManager: Shutting down and abandoning module SlateRemote (121)
[2018.11.12-16.27.15:784][782]LogModuleManager: Shutting down and abandoning module SteamVRController (120)
[2018.11.12-16.27.15:784][782]LogModuleManager: Shutting down and abandoning module SteamVR (119)
[2018.11.12-16.27.15:784][782]LogModuleManager: Shutting down and abandoning module ProceduralMeshComponent (118)
[2018.11.12-16.27.15:784][782]LogModuleManager: Shutting down and abandoning module OculusLibrary (117)
[2018.11.12-16.27.15:784][782]LogModuleManager: Shutting down and abandoning module OculusInput (116)
[2018.11.12-16.27.15:784][782]LogModuleManager: Shutting down and abandoning module LeapMotionController (115)
[2018.11.12-16.27.15:834][782]LogModuleManager: Shutting down and abandoning module CustomMeshComponent (114)
[2018.11.12-16.27.15:834][782]LogModuleManager: Shutting down and abandoning module CableComponent (113)
[2018.11.12-16.27.15:834][782]LogModuleManager: Shutting down and abandoning module ArchVisCharacter (112)
[2018.11.12-16.27.15:834][782]LogModuleManager: Shutting down and abandoning module MessagingDebugger (111)
[2018.11.12-16.27.15:834][782]LogModuleManager: Shutting down and abandoning module MediaPlayerEditor (110)
[2018.11.12-16.27.15:834][782]LogModuleManager: Shutting down and abandoning module HTML5Networking (109)
[2018.11.12-16.27.15:834][782]LogModuleManager: Shutting down and abandoning module SpeedTreeImporter (108)
[2018.11.12-16.27.15:834][782]LogModuleManager: Shutting down and abandoning module PluginBrowser (107)
[2018.11.12-16.27.15:834][782]LogModuleManager: Shutting down and abandoning module EpicSurvey (106)
[2018.11.12-16.27.15:834][782]LogModuleManager: Shutting down and abandoning module DesktopPlatform (105)
[2018.11.12-16.27.15:834][782]LogModuleManager: Shutting down and abandoning module VisualStudioSourceCodeAccess (104)
[2018.11.12-16.27.15:834][782]LogModuleManager: Shutting down and abandoning module UObjectPlugin (103)
[2018.11.12-16.27.15:834][782]LogModuleManager: Shutting down and abandoning module SubversionSourceControl (102)
[2018.11.12-16.27.15:834][782]LogModuleManager: Shutting down and abandoning module PerforceSourceControl (101)
[2018.11.12-16.27.15:834][782]LogModuleManager: Shutting down and abandoning module SourceControl (100)
[2018.11.12-16.27.15:834][782]LogModuleManager: Shutting down and abandoning module GitSourceControl (99)
[2018.11.12-16.27.15:834][782]LogModuleManager: Shutting down and abandoning module LightPropagationVolumeEditor (98)
[2018.11.12-16.27.15:834][782]LogModuleManager: Shutting down and abandoning module PaperTiledImporter (97)
[2018.11.12-16.27.15:834][782]LogModuleManager: Shutting down and abandoning module PaperSpriteSheetImporter (96)
[2018.11.12-16.27.15:834][782]LogModuleManager: Shutting down and abandoning module MeshPaint (95)
[2018.11.12-16.27.15:834][782]LogModuleManager: Shutting down and abandoning module SlateReflector (94)
[2018.11.12-16.27.15:834][782]LogModuleManager: Shutting down and abandoning module HotReload (93)
[2018.11.12-16.27.15:834][782]LogModuleManager: Shutting down and abandoning module MainFrame (92)
[2018.11.12-16.27.15:835][782]LogModuleManager: Shutting down and abandoning module LevelEditor (91)
[2018.11.12-16.27.15:835][782]LogModuleManager: Shutting down and abandoning module DirectoryWatcher (90)
[2018.11.12-16.27.15:836][782]LogModuleManager: Shutting down and abandoning module AssetRegistry (89)
[2018.11.12-16.27.15:920][782]LogModuleManager: Shutting down and abandoning module ContentBrowser (88)
[2018.11.12-16.27.15:920][782]LogModuleManager: Shutting down and abandoning module Paper2DEditor (87)
[2018.11.12-16.27.15:920][782]LogModuleManager: Shutting down and abandoning module UdpMessaging (86)
[2018.11.12-16.27.16:021][782]LogModuleManager: Shutting down and abandoning module LightPropagationVolumeRuntime (85)
[2018.11.12-16.27.16:021][782]LogModuleManager: Shutting down and abandoning module Paper2D (84)
[2018.11.12-16.27.16:021][782]LogModuleManager: Shutting down and abandoning module WindowsMoviePlayer (83)
[2018.11.12-16.27.16:023][782]LogModuleManager: Shutting down and abandoning module Media (82)
[2018.11.12-16.27.16:023][782]LogModuleManager: Shutting down and abandoning module WmfMedia (81)
[2018.11.12-16.27.16:024][782]LogModuleManager: Shutting down and abandoning module OnlineBlueprintSupport (80)
[2018.11.12-16.27.16:024][782]LogModuleManager: Shutting down and abandoning module GameplayTasksEditor (79)
[2018.11.12-16.27.16:024][782]LogModuleManager: Shutting down and abandoning module PropertyEditor (78)
[2018.11.12-16.27.16:024][782]LogModuleManager: Shutting down and abandoning module BehaviorTreeEditor (77)
[2018.11.12-16.27.16:024][782]LogModuleManager: Shutting down and abandoning module FunctionalTesting (76)
[2018.11.12-16.27.16:024][782]LogModuleManager: Shutting down and abandoning module CollisionAnalyzer (75)
[2018.11.12-16.27.16:024][782]LogModuleManager: Shutting down and abandoning module WorkspaceMenuStructure (74)
[2018.11.12-16.27.16:024][782]LogModuleManager: Shutting down and abandoning module MessageLog (73)
[2018.11.12-16.27.16:024][782]LogModuleManager: Shutting down and abandoning module Sequencer (72)
[2018.11.12-16.27.16:024][782]LogModuleManager: Shutting down and abandoning module AssetTools (71)
[2018.11.12-16.27.16:024][782]LogModuleManager: Shutting down and abandoning module UMGEditor (70)
[2018.11.12-16.27.16:024][782]LogModuleManager: Shutting down and abandoning module UMG (69)
[2018.11.12-16.27.16:024][782]LogModuleManager: Shutting down and abandoning module Slate (68)
[2018.11.12-16.27.16:024][782]LogModuleManager: Shutting down and abandoning module EditorStyle (67)
[2018.11.12-16.27.16:026][782]LogModuleManager: Shutting down and abandoning module SessionServices (66)
[2018.11.12-16.27.16:026][782]LogModuleManager: Shutting down and abandoning module SourceCodeAccess (65)
[2018.11.12-16.27.16:026][782]LogModuleManager: Shutting down and abandoning module HeadMountedDisplay (64)
[2018.11.12-16.27.16:026][782]LogModuleManager: Shutting down and abandoning module XAudio2 (63)
[2018.11.12-16.27.16:026][782]LogModuleManager: Shutting down and abandoning module Networking (61)
[2018.11.12-16.27.16:026][782]LogModuleManager: Shutting down and abandoning module Core (60)
[2018.11.12-16.27.16:026][782]LogModuleManager: Shutting down and abandoning module KismetCompiler (59)
[2018.11.12-16.27.16:026][782]LogModuleManager: Shutting down and abandoning module PhysXFormats (58)
[2018.11.12-16.27.16:026][782]LogModuleManager: Shutting down and abandoning module MeshUtilities (57)
[2018.11.12-16.27.16:026][782]LogModuleManager: Shutting down and abandoning module DerivedDataCache (56)
[2018.11.12-16.27.16:079][782]LogDerivedDataCache: Shutdown
[2018.11.12-16.27.16:079][782]LogModuleManager: Shutting down and abandoning module ShaderFormatOpenGL (55)
[2018.11.12-16.27.16:079][782]LogModuleManager: Shutting down and abandoning module ShaderFormatD3D (54)
[2018.11.12-16.27.16:079][782]LogModuleManager: Shutting down and abandoning module MetalShaderFormat (53)
[2018.11.12-16.27.16:079][782]LogModuleManager: Shutting down and abandoning module TextureFormatUncompressed (52)
[2018.11.12-16.27.16:079][782]LogModuleManager: Shutting down and abandoning module TextureFormatPVR (51)
[2018.11.12-16.27.16:079][782]LogModuleManager: Shutting down and abandoning module TextureFormatIntelISPCTexComp (50)
[2018.11.12-16.27.16:079][782]LogModuleManager: Shutting down and abandoning module TextureFormatDXT (49)
[2018.11.12-16.27.16:079][782]LogModuleManager: Shutting down and abandoning module ImageWrapper (48)
[2018.11.12-16.27.16:079][782]LogModuleManager: Shutting down and abandoning module TextureFormatASTC (47)
[2018.11.12-16.27.16:079][782]LogModuleManager: Shutting down and abandoning module TextureFormatAndroid (46)
[2018.11.12-16.27.16:079][782]LogModuleManager: Shutting down and abandoning module AudioFormatOpus (45)
[2018.11.12-16.27.16:079][782]LogModuleManager: Shutting down and abandoning module AudioFormatOgg (44)
[2018.11.12-16.27.16:079][782]LogModuleManager: Shutting down and abandoning module AudioFormatADPCM (43)
[2018.11.12-16.27.16:079][782]LogModuleManager: Shutting down and abandoning module LinuxTargetPlatform (42)
[2018.11.12-16.27.16:079][782]LogModuleManager: Shutting down and abandoning module LinuxServerTargetPlatform (41)
[2018.11.12-16.27.16:079][782]LogModuleManager: Shutting down and abandoning module LinuxNoEditorTargetPlatform (40)
[2018.11.12-16.27.16:079][782]LogModuleManager: Shutting down and abandoning module Messaging (39)
[2018.11.12-16.27.16:079][782]LogModuleManager: Shutting down and abandoning module IOSTargetPlatform (38)
[2018.11.12-16.27.16:079][782]LogModuleManager: Shutting down and abandoning module HTML5TargetPlatform (37)
[2018.11.12-16.27.16:079][782]LogModuleManager: Shutting down and abandoning module Android_PVRTCTargetPlatform (36)
[2018.11.12-16.27.16:079][782]LogModuleManager: Shutting down and abandoning module Android_MultiTargetPlatform (35)
[2018.11.12-16.27.16:079][782]LogModuleManager: Shutting down and abandoning module Android_ETC2TargetPlatform (34)
[2018.11.12-16.27.16:079][782]LogModuleManager: Shutting down and abandoning module Android_ETC1TargetPlatform (33)
[2018.11.12-16.27.16:079][782]LogModuleManager: Shutting down and abandoning module Android_DXTTargetPlatform (32)
[2018.11.12-16.27.16:079][782]LogModuleManager: Shutting down and abandoning module Android_ATCTargetPlatform (31)
[2018.11.12-16.27.16:079][782]LogModuleManager: Shutting down and abandoning module Android_ASTCTargetPlatform (30)
[2018.11.12-16.27.16:079][782]LogModuleManager: Shutting down and abandoning module AndroidTargetPlatform (29)
[2018.11.12-16.27.16:079][782]LogModuleManager: Shutting down and abandoning module WindowsTargetPlatform (28)
[2018.11.12-16.27.16:079][782]LogModuleManager: Shutting down and abandoning module WindowsServerTargetPlatform (27)
[2018.11.12-16.27.16:079][782]LogModuleManager: Shutting down and abandoning module WindowsNoEditorTargetPlatform (26)
[2018.11.12-16.27.16:079][782]LogModuleManager: Shutting down and abandoning module WindowsClientTargetPlatform (25)
[2018.11.12-16.27.16:079][782]LogModuleManager: Shutting down and abandoning module AllDesktopTargetPlatform (24)
[2018.11.12-16.27.16:079][782]LogModuleManager: Shutting down and abandoning module TargetPlatform (23)
[2018.11.12-16.27.16:079][782]LogModuleManager: Shutting down and abandoning module InputCore (22)
[2018.11.12-16.27.16:079][782]LogModuleManager: Shutting down and abandoning module Settings (21)
[2018.11.12-16.27.16:079][782]LogModuleManager: Shutting down and abandoning module OnlineSubsystem (19)
[2018.11.12-16.27.16:079][782]LogModuleManager: Shutting down and abandoning module HTTP (18)
[2018.11.12-16.27.18:082][782]LogModuleManager: Shutting down and abandoning module XMPP (17)
[2018.11.12-16.27.18:082][782]LogModuleManager: Shutting down and abandoning module OculusRift (16)
[2018.11.12-16.27.18:082][782]LogModuleManager: Shutting down and abandoning module ExampleDeviceProfileSelector (15)
[2018.11.12-16.27.18:082][782]LogModuleManager: Shutting down and abandoning module TextureCompressor (14)
[2018.11.12-16.27.18:082][782]LogModuleManager: Shutting down and abandoning module ShaderCore (13)
[2018.11.12-16.27.18:082][782]LogModuleManager: Shutting down and abandoning module Landscape (12)
[2018.11.12-16.27.18:082][782]LogModuleManager: Shutting down and abandoning module SlateRHIRenderer (11)
[2018.11.12-16.27.18:082][782]LogModuleManager: Shutting down and abandoning module OpenGLDrv (10)
[2018.11.12-16.27.18:082][782]LogModuleManager: Shutting down and abandoning module D3D11RHI (9)
[2018.11.12-16.27.18:082][782]LogModuleManager: Shutting down and abandoning module AnimGraphRuntime (8)
[2018.11.12-16.27.18:082][782]LogModuleManager: Shutting down and abandoning module Renderer (7)
[2018.11.12-16.27.18:082][782]LogModuleManager: Shutting down and abandoning module Engine (6)
[2018.11.12-16.27.18:082][782]LogModuleManager: Shutting down and abandoning module CoreUObject (5)
[2018.11.12-16.27.18:082][782]LogModuleManager: Shutting down and abandoning module NetworkFile (4)
[2018.11.12-16.27.18:082][782]LogModuleManager: Shutting down and abandoning module StreamingFile (3)
[2018.11.12-16.27.18:082][782]LogModuleManager: Shutting down and abandoning module SandboxFile (2)
[2018.11.12-16.27.18:082][782]LogModuleManager: Shutting down and abandoning module PakFile (1)
[2018.11.12-16.27.18:084][782]LogExit: Exiting.
[2018.11.12-16.27.18:093][782]Log file closed, 11/12/18 16:27:18
